ERROR [main] portico.lrc: name=RprFomExampleFederation
org.portico.lrc.compat.JFederationExecutionDoesNotExist: name=RprFomExampleFederation
	at org.portico.bindings.jgroups.LrcConnection.joinFederation(LrcConnection.java:248)
	at org.portico.lrc.services.federation.handlers.outgoing.JoinFederationHandler.process(JoinFederationHandler.java:92)
	at org.portico.utils.messaging.MessageSink.process(MessageSink.java:187)
	at org.portico.impl.hla13.Impl13Helper.processMessage(Impl13Helper.java:123)
	at org.portico.impl.hla13.Rti13Ambassador.processMessage(Rti13Ambassador.java:5822)
	at org.portico.impl.hla13.Rti13Ambassador.joinFederationExecution(Rti13Ambassador.java:321)
	at edu.nps.moves.RprFomFederate.runFederate(RprFomFederate.java:105)
	at edu.nps.moves.RprFomFederate.main(RprFomFederate.java:55)
ERROR [main] portico.lrc: name=RprFomExampleFederation
org.portico.lrc.compat.JFederationExecutionDoesNotExist: name=RprFomExampleFederation
	at org.portico.bindings.jgroups.LrcConnection.joinFederation(LrcConnection.java:248)
	at org.portico.lrc.services.federation.handlers.outgoing.JoinFederationHandler.process(JoinFederationHandler.java:92)
	at org.portico.utils.messaging.MessageSink.process(MessageSink.java:187)
	at org.portico.impl.hla13.Impl13Helper.processMessage(Impl13Helper.java:123)
	at org.portico.impl.hla13.Rti13Ambassador.processMessage(Rti13Ambassador.java:5822)
	at org.portico.impl.hla13.Rti13Ambassador.joinFederationExecution(Rti13Ambassador.java:321)
	at edu.nps.moves.RprFomFederate.runFederate(RprFomFederate.java:105)
	at edu.nps.moves.RprFomFederate.main(RprFomFederate.java:55)
ERROR [main] portico.lrc: No response from RTI (null) for message type: CreateFederation
hla.rti.RTIinternalError: No response from RTI (null) for message type: CreateFederation serial:0
	at org.portico.impl.hla13.Rti13Ambassador.processMessage(Rti13Ambassador.java:5827)
	at org.portico.impl.hla13.Rti13Ambassador.createFederationExecution(Rti13Ambassador.java:194)
	at edu.nps.moves.RprFomFederate.runFederate(RprFomFederate.java:86)
	at edu.nps.moves.RprFomFederate.main(RprFomFederate.java:55)
	at sun.reflect.NativeMethodAccessorImpl.invoke0(Native Method)
	at sun.reflect.NativeMethodAccessorImpl.invoke(NativeMethodAccessorImpl.java:57)
	at sun.reflect.DelegatingMethodAccessorImpl.invoke(DelegatingMethodAccessorImpl.java:43)
	at java.lang.reflect.Method.invoke(Method.java:601)
	at org.apache.tools.ant.taskdefs.ExecuteJava.run(ExecuteJava.java:217)
	at org.apache.tools.ant.taskdefs.ExecuteJava.execute(ExecuteJava.java:152)
	at org.apache.tools.ant.taskdefs.Java.run(Java.java:771)
	at org.apache.tools.ant.taskdefs.Java.executeJava(Java.java:221)
	at org.apache.tools.ant.taskdefs.Java.executeJava(Java.java:135)
	at org.apache.tools.ant.taskdefs.Java.execute(Java.java:108)
	at org.apache.tools.ant.UnknownElement.execute(UnknownElement.java:291)
	at sun.reflect.GeneratedMethodAccessor4.invoke(Unknown Source)
	at sun.reflect.DelegatingMethodAccessorImpl.invoke(DelegatingMethodAccessorImpl.java:43)
	at java.lang.reflect.Method.invoke(Method.java:601)
	at org.apache.tools.ant.dispatch.DispatchUtils.execute(DispatchUtils.java:106)
	at org.apache.tools.ant.Task.perform(Task.java:348)
	at org.apache.tools.ant.Target.execute(Target.java:390)
	at org.apache.tools.ant.Target.performTasks(Target.java:411)
	at org.apache.tools.ant.Project.executeSortedTargets(Project.java:1399)
	at org.apache.tools.ant.Project.executeTarget(Project.java:1368)
	at org.apache.tools.ant.helper.DefaultExecutor.executeTargets(DefaultExecutor.java:41)
	at org.apache.tools.ant.Project.executeTargets(Project.java:1251)
	at org.apache.tools.ant.Main.runBuild(Main.java:809)
	at org.apache.tools.ant.Main.startAnt(Main.java:217)
	at org.apache.tools.ant.launch.Launcher.run(Launcher.java:280)
	at org.apache.tools.ant.launch.Launcher.main(Launcher.java:109)
ERROR [main] portico.lrc: No response from RTI (null) for message type: CreateFederation
hla.rti.RTIinternalError: No response from RTI (null) for message type: CreateFederation serial:0
	at org.portico.impl.hla13.Rti13Ambassador.processMessage(Rti13Ambassador.java:5827)
	at org.portico.impl.hla13.Rti13Ambassador.createFederationExecution(Rti13Ambassador.java:194)
	at edu.nps.moves.RprFomFederate.runFederate(RprFomFederate.java:86)
	at edu.nps.moves.RprFomFederate.main(RprFomFederate.java:55)
	at sun.reflect.NativeMethodAccessorImpl.invoke0(Native Method)
	at sun.reflect.NativeMethodAccessorImpl.invoke(NativeMethodAccessorImpl.java:57)
	at sun.reflect.DelegatingMethodAccessorImpl.invoke(DelegatingMethodAccessorImpl.java:43)
	at java.lang.reflect.Method.invoke(Method.java:601)
	at org.apache.tools.ant.taskdefs.ExecuteJava.run(ExecuteJava.java:217)
	at org.apache.tools.ant.taskdefs.ExecuteJava.execute(ExecuteJava.java:152)
	at org.apache.tools.ant.taskdefs.Java.run(Java.java:771)
	at org.apache.tools.ant.taskdefs.Java.executeJava(Java.java:221)
	at org.apache.tools.ant.taskdefs.Java.executeJava(Java.java:135)
	at org.apache.tools.ant.taskdefs.Java.execute(Java.java:108)
	at org.apache.tools.ant.UnknownElement.execute(UnknownElement.java:291)
	at sun.reflect.GeneratedMethodAccessor4.invoke(Unknown Source)
	at sun.reflect.DelegatingMethodAccessorImpl.invoke(DelegatingMethodAccessorImpl.java:43)
	at java.lang.reflect.Method.invoke(Method.java:601)
	at org.apache.tools.ant.dispatch.DispatchUtils.execute(DispatchUtils.java:106)
	at org.apache.tools.ant.Task.perform(Task.java:348)
	at org.apache.tools.ant.Target.execute(Target.java:390)
	at org.apache.tools.ant.Target.performTasks(Target.java:411)
	at org.apache.tools.ant.Project.executeSortedTargets(Project.java:1399)
	at org.apache.tools.ant.Project.executeTarget(Project.java:1368)
	at org.apache.tools.ant.helper.DefaultExecutor.executeTargets(DefaultExecutor.java:41)
	at org.apache.tools.ant.Project.executeTargets(Project.java:1251)
	at org.apache.tools.ant.Main.runBuild(Main.java:809)
	at org.apache.tools.ant.Main.startAnt(Main.java:217)
	at org.apache.tools.ant.launch.Launcher.run(Launcher.java:280)
	at org.apache.tools.ant.launch.Launcher.main(Launcher.java:109)
ERROR [main] portico.lrc: No response from RTI (null) for message type: CreateFederation
hla.rti.RTIinternalError: No response from RTI (null) for message type: CreateFederation serial:0
	at org.portico.impl.hla13.Rti13Ambassador.processMessage(Rti13Ambassador.java:5827)
	at org.portico.impl.hla13.Rti13Ambassador.createFederationExecution(Rti13Ambassador.java:194)
	at edu.nps.moves.RprFomFederate.runFederate(RprFomFederate.java:86)
	at edu.nps.moves.RprFomFederate.main(RprFomFederate.java:55)
	at sun.reflect.NativeMethodAccessorImpl.invoke0(Native Method)
	at sun.reflect.NativeMethodAccessorImpl.invoke(NativeMethodAccessorImpl.java:57)
	at sun.reflect.DelegatingMethodAccessorImpl.invoke(DelegatingMethodAccessorImpl.java:43)
	at java.lang.reflect.Method.invoke(Method.java:601)
	at org.apache.tools.ant.taskdefs.ExecuteJava.run(ExecuteJava.java:217)
	at org.apache.tools.ant.taskdefs.ExecuteJava.execute(ExecuteJava.java:152)
	at org.apache.tools.ant.taskdefs.Java.run(Java.java:771)
	at org.apache.tools.ant.taskdefs.Java.executeJava(Java.java:221)
	at org.apache.tools.ant.taskdefs.Java.executeJava(Java.java:135)
	at org.apache.tools.ant.taskdefs.Java.execute(Java.java:108)
	at org.apache.tools.ant.UnknownElement.execute(UnknownElement.java:291)
	at sun.reflect.GeneratedMethodAccessor4.invoke(Unknown Source)
	at sun.reflect.DelegatingMethodAccessorImpl.invoke(DelegatingMethodAccessorImpl.java:43)
	at java.lang.reflect.Method.invoke(Method.java:601)
	at org.apache.tools.ant.dispatch.DispatchUtils.execute(DispatchUtils.java:106)
	at org.apache.tools.ant.Task.perform(Task.java:348)
	at org.apache.tools.ant.Target.execute(Target.java:390)
	at org.apache.tools.ant.Target.performTasks(Target.java:411)
	at org.apache.tools.ant.Project.executeSortedTargets(Project.java:1399)
	at org.apache.tools.ant.Project.executeTarget(Project.java:1368)
	at org.apache.tools.ant.helper.DefaultExecutor.executeTargets(DefaultExecutor.java:41)
	at org.apache.tools.ant.Project.executeTargets(Project.java:1251)
	at org.apache.tools.ant.Main.runBuild(Main.java:809)
	at org.apache.tools.ant.Main.startAnt(Main.java:217)
	at org.apache.tools.ant.launch.Launcher.run(Launcher.java:280)
	at org.apache.tools.ant.launch.Launcher.main(Launcher.java:109)
ERROR [main] portico.lrc: No response from RTI (null) for message type: CreateFederation
hla.rti.RTIinternalError: No response from RTI (null) for message type: CreateFederation serial:0
	at org.portico.impl.hla13.Rti13Ambassador.processMessage(Rti13Ambassador.java:5827)
	at org.portico.impl.hla13.Rti13Ambassador.createFederationExecution(Rti13Ambassador.java:194)
	at edu.nps.moves.RprFomFederate.runFederate(RprFomFederate.java:86)
	at edu.nps.moves.RprFomFederate.main(RprFomFederate.java:55)
	at sun.reflect.NativeMethodAccessorImpl.invoke0(Native Method)
	at sun.reflect.NativeMethodAccessorImpl.invoke(NativeMethodAccessorImpl.java:57)
	at sun.reflect.DelegatingMethodAccessorImpl.invoke(DelegatingMethodAccessorImpl.java:43)
	at java.lang.reflect.Method.invoke(Method.java:601)
	at org.apache.tools.ant.taskdefs.ExecuteJava.run(ExecuteJava.java:217)
	at org.apache.tools.ant.taskdefs.ExecuteJava.execute(ExecuteJava.java:152)
	at org.apache.tools.ant.taskdefs.Java.run(Java.java:771)
	at org.apache.tools.ant.taskdefs.Java.executeJava(Java.java:221)
	at org.apache.tools.ant.taskdefs.Java.executeJava(Java.java:135)
	at org.apache.tools.ant.taskdefs.Java.execute(Java.java:108)
	at org.apache.tools.ant.UnknownElement.execute(UnknownElement.java:291)
	at sun.reflect.GeneratedMethodAccessor4.invoke(Unknown Source)
	at sun.reflect.DelegatingMethodAccessorImpl.invoke(DelegatingMethodAccessorImpl.java:43)
	at java.lang.reflect.Method.invoke(Method.java:601)
	at org.apache.tools.ant.dispatch.DispatchUtils.execute(DispatchUtils.java:106)
	at org.apache.tools.ant.Task.perform(Task.java:348)
	at org.apache.tools.ant.Target.execute(Target.java:390)
	at org.apache.tools.ant.Target.performTasks(Target.java:411)
	at org.apache.tools.ant.Project.executeSortedTargets(Project.java:1399)
	at org.apache.tools.ant.Project.executeTarget(Project.java:1368)
	at org.apache.tools.ant.helper.DefaultExecutor.executeTargets(DefaultExecutor.java:41)
	at org.apache.tools.ant.Project.executeTargets(Project.java:1251)
	at org.apache.tools.ant.Main.runBuild(Main.java:809)
	at org.apache.tools.ant.Main.startAnt(Main.java:217)
	at org.apache.tools.ant.launch.Launcher.run(Launcher.java:280)
	at org.apache.tools.ant.launch.Launcher.main(Launcher.java:109)
ERROR [main] portico.lrc: name=exampleRPRFOMFederation
org.portico.lrc.compat.JFederationExecutionDoesNotExist: name=exampleRPRFOMFederation
	at org.portico.bindings.jgroups.LrcConnection.joinFederation(LrcConnection.java:248)
	at org.portico.lrc.services.federation.handlers.outgoing.JoinFederationHandler.process(JoinFederationHandler.java:92)
	at org.portico.utils.messaging.MessageSink.process(MessageSink.java:187)
	at org.portico.impl.hla13.Impl13Helper.processMessage(Impl13Helper.java:123)
	at org.portico.impl.hla13.Rti13Ambassador.processMessage(Rti13Ambassador.java:5822)
	at org.portico.impl.hla13.Rti13Ambassador.joinFederationExecution(Rti13Ambassador.java:321)
	at edu.nps.moves.RprFomFederate.runFederate(RprFomFederate.java:105)
	at edu.nps.moves.RprFomFederate.main(RprFomFederate.java:55)
ERROR [main] portico.lrc: federation exists: ExampleRPRFOMFederation
org.portico.lrc.compat.JFederationExecutionAlreadyExists: federation exists: ExampleRPRFOMFederation
	at org.portico.bindings.jgroups.LrcConnection.createFederation(LrcConnection.java:163)
	at org.portico.lrc.services.federation.handlers.outgoing.CreateFederationHandler.process(CreateFederationHandler.java:74)
	at org.portico.utils.messaging.MessageSink.process(MessageSink.java:187)
	at org.portico.impl.hla13.Impl13Helper.processMessage(Impl13Helper.java:123)
	at org.portico.impl.hla13.Rti13Ambassador.processMessage(Rti13Ambassador.java:5822)
	at org.portico.impl.hla13.Rti13Ambassador.createFederationExecution(Rti13Ambassador.java:194)
	at edu.nps.moves.RprFomFederate.runFederate(RprFomFederate.java:86)
	at edu.nps.moves.RprFomFederate.main(RprFomFederate.java:55)
ERROR [main] portico.lrc: federate name in use: exampleFederation
org.portico.lrc.compat.JFederateAlreadyExecutionMember: federate name in use: exampleFederation
	at org.portico.bindings.jgroups.LrcConnection.joinFederation(LrcConnection.java:260)
	at org.portico.lrc.services.federation.handlers.outgoing.JoinFederationHandler.process(JoinFederationHandler.java:92)
	at org.portico.utils.messaging.MessageSink.process(MessageSink.java:187)
	at org.portico.impl.hla13.Impl13Helper.processMessage(Impl13Helper.java:123)
	at org.portico.impl.hla13.Rti13Ambassador.processMessage(Rti13Ambassador.java:5822)
	at org.portico.impl.hla13.Rti13Ambassador.joinFederationExecution(Rti13Ambassador.java:321)
	at edu.nps.moves.RprFomFederate.runFederate(RprFomFederate.java:105)
	at edu.nps.moves.RprFomFederate.main(RprFomFederate.java:55)
ERROR [main] portico.lrc: federation exists: exampleFederation
org.portico.lrc.compat.JFederationExecutionAlreadyExists: federation exists: exampleFederation
	at org.portico.bindings.jgroups.LrcConnection.createFederation(LrcConnection.java:163)
	at org.portico.lrc.services.federation.handlers.outgoing.CreateFederationHandler.process(CreateFederationHandler.java:74)
	at org.portico.utils.messaging.MessageSink.process(MessageSink.java:187)
	at org.portico.impl.hla13.Impl13Helper.processMessage(Impl13Helper.java:123)
	at org.portico.impl.hla13.Rti13Ambassador.processMessage(Rti13Ambassador.java:5822)
	at org.portico.impl.hla13.Rti13Ambassador.createFederationExecution(Rti13Ambassador.java:194)
	at edu.nps.moves.RprFomFederate.runFederate(RprFomFederate.java:86)
	at edu.nps.moves.RprFomFederate.main(RprFomFederate.java:55)
ERROR [main] portico.lrc: federate name in use: exampleFederation
org.portico.lrc.compat.JFederateAlreadyExecutionMember: federate name in use: exampleFederation
	at org.portico.bindings.jgroups.LrcConnection.joinFederation(LrcConnection.java:260)
	at org.portico.lrc.services.federation.handlers.outgoing.JoinFederationHandler.process(JoinFederationHandler.java:92)
	at org.portico.utils.messaging.MessageSink.process(MessageSink.java:187)
	at org.portico.impl.hla13.Impl13Helper.processMessage(Impl13Helper.java:123)
	at org.portico.impl.hla13.Rti13Ambassador.processMessage(Rti13Ambassador.java:5822)
	at org.portico.impl.hla13.Rti13Ambassador.joinFederationExecution(Rti13Ambassador.java:321)
	at edu.nps.moves.RprFomFederate.runFederate(RprFomFederate.java:105)
	at edu.nps.moves.RprFomFederate.main(RprFomFederate.java:55)
ERROR [main] portico.lrc: federation exists: example
org.portico.lrc.compat.JFederationExecutionAlreadyExists: federation exists: example
	at org.portico.bindings.jgroups.LrcConnection.createFederation(LrcConnection.java:163)
	at org.portico.lrc.services.federation.handlers.outgoing.CreateFederationHandler.process(CreateFederationHandler.java:74)
	at org.portico.utils.messaging.MessageSink.process(MessageSink.java:187)
	at org.portico.impl.hla13.Impl13Helper.processMessage(Impl13Helper.java:123)
	at org.portico.impl.hla13.Rti13Ambassador.processMessage(Rti13Ambassador.java:5822)
	at org.portico.impl.hla13.Rti13Ambassador.createFederationExecution(Rti13Ambassador.java:194)
	at edu.nps.moves.RprFomFederate.runFederate(RprFomFederate.java:87)
	at edu.nps.moves.RprFomFederate.main(RprFomFederate.java:55)
ERROR [main] portico.lrc: federate name in use: example
org.portico.lrc.compat.JFederateAlreadyExecutionMember: federate name in use: example
	at org.portico.bindings.jgroups.LrcConnection.joinFederation(LrcConnection.java:260)
	at org.portico.lrc.services.federation.handlers.outgoing.JoinFederationHandler.process(JoinFederationHandler.java:92)
	at org.portico.utils.messaging.MessageSink.process(MessageSink.java:187)
	at org.portico.impl.hla13.Impl13Helper.processMessage(Impl13Helper.java:123)
	at org.portico.impl.hla13.Rti13Ambassador.processMessage(Rti13Ambassador.java:5822)
	at org.portico.impl.hla13.Rti13Ambassador.joinFederationExecution(Rti13Ambassador.java:321)
	at edu.nps.moves.RprFomFederate.runFederate(RprFomFederate.java:106)
	at edu.nps.moves.RprFomFederate.main(RprFomFederate.java:55)
ERROR [main] portico.lrc: federation exists: example
org.portico.lrc.compat.JFederationExecutionAlreadyExists: federation exists: example
	at org.portico.bindings.jgroups.LrcConnection.createFederation(LrcConnection.java:163)
	at org.portico.lrc.services.federation.handlers.outgoing.CreateFederationHandler.process(CreateFederationHandler.java:74)
	at org.portico.utils.messaging.MessageSink.process(MessageSink.java:187)
	at org.portico.impl.hla13.Impl13Helper.processMessage(Impl13Helper.java:123)
	at org.portico.impl.hla13.Rti13Ambassador.processMessage(Rti13Ambassador.java:5822)
	at org.portico.impl.hla13.Rti13Ambassador.createFederationExecution(Rti13Ambassador.java:194)
	at edu.nps.moves.RprFomFederate.runFederate(RprFomFederate.java:87)
	at edu.nps.moves.RprFomFederate.main(RprFomFederate.java:55)
ERROR [main] portico.lrc: federate name in use: example
org.portico.lrc.compat.JFederateAlreadyExecutionMember: federate name in use: example
	at org.portico.bindings.jgroups.LrcConnection.joinFederation(LrcConnection.java:260)
	at org.portico.lrc.services.federation.handlers.outgoing.JoinFederationHandler.process(JoinFederationHandler.java:92)
	at org.portico.utils.messaging.MessageSink.process(MessageSink.java:187)
	at org.portico.impl.hla13.Impl13Helper.processMessage(Impl13Helper.java:123)
	at org.portico.impl.hla13.Rti13Ambassador.processMessage(Rti13Ambassador.java:5822)
	at org.portico.impl.hla13.Rti13Ambassador.joinFederationExecution(Rti13Ambassador.java:321)
	at edu.nps.moves.RprFomFederate.runFederate(RprFomFederate.java:110)
	at edu.nps.moves.RprFomFederate.main(RprFomFederate.java:55)
ERROR [main] portico.lrc: federation exists: example
org.portico.lrc.compat.JFederationExecutionAlreadyExists: federation exists: example
	at org.portico.bindings.jgroups.LrcConnection.createFederation(LrcConnection.java:163)
	at org.portico.lrc.services.federation.handlers.outgoing.CreateFederationHandler.process(CreateFederationHandler.java:74)
	at org.portico.utils.messaging.MessageSink.process(MessageSink.java:187)
	at org.portico.impl.hla13.Impl13Helper.processMessage(Impl13Helper.java:123)
	at org.portico.impl.hla13.Rti13Ambassador.processMessage(Rti13Ambassador.java:5822)
	at org.portico.impl.hla13.Rti13Ambassador.createFederationExecution(Rti13Ambassador.java:194)
	at edu.nps.moves.RprFomFederate.runFederate(RprFomFederate.java:87)
	at edu.nps.moves.RprFomFederate.main(RprFomFederate.java:55)
ERROR [main] portico.lrc: federate name in use: example
org.portico.lrc.compat.JFederateAlreadyExecutionMember: federate name in use: example
	at org.portico.bindings.jgroups.LrcConnection.joinFederation(LrcConnection.java:260)
	at org.portico.lrc.services.federation.handlers.outgoing.JoinFederationHandler.process(JoinFederationHandler.java:92)
	at org.portico.utils.messaging.MessageSink.process(MessageSink.java:187)
	at org.portico.impl.hla13.Impl13Helper.processMessage(Impl13Helper.java:123)
	at org.portico.impl.hla13.Rti13Ambassador.processMessage(Rti13Ambassador.java:5822)
	at org.portico.impl.hla13.Rti13Ambassador.joinFederationExecution(Rti13Ambassador.java:321)
	at edu.nps.moves.RprFomFederate.runFederate(RprFomFederate.java:110)
	at edu.nps.moves.RprFomFederate.main(RprFomFederate.java:55)
ERROR [main] portico.lrc: federation exists: example
org.portico.lrc.compat.JFederationExecutionAlreadyExists: federation exists: example
	at org.portico.bindings.jgroups.LrcConnection.createFederation(LrcConnection.java:163)
	at org.portico.lrc.services.federation.handlers.outgoing.CreateFederationHandler.process(CreateFederationHandler.java:74)
	at org.portico.utils.messaging.MessageSink.process(MessageSink.java:187)
	at org.portico.impl.hla13.Impl13Helper.processMessage(Impl13Helper.java:123)
	at org.portico.impl.hla13.Rti13Ambassador.processMessage(Rti13Ambassador.java:5822)
	at org.portico.impl.hla13.Rti13Ambassador.createFederationExecution(Rti13Ambassador.java:194)
	at edu.nps.moves.RprFomFederate.runFederate(RprFomFederate.java:87)
	at edu.nps.moves.RprFomFederate.main(RprFomFederate.java:55)
ERROR [main] portico.lrc: federate name in use: example
org.portico.lrc.compat.JFederateAlreadyExecutionMember: federate name in use: example
	at org.portico.bindings.jgroups.LrcConnection.joinFederation(LrcConnection.java:260)
	at org.portico.lrc.services.federation.handlers.outgoing.JoinFederationHandler.process(JoinFederationHandler.java:92)
	at org.portico.utils.messaging.MessageSink.process(MessageSink.java:187)
	at org.portico.impl.hla13.Impl13Helper.processMessage(Impl13Helper.java:123)
	at org.portico.impl.hla13.Rti13Ambassador.processMessage(Rti13Ambassador.java:5822)
	at org.portico.impl.hla13.Rti13Ambassador.joinFederationExecution(Rti13Ambassador.java:321)
	at edu.nps.moves.RprFomFederate.runFederate(RprFomFederate.java:110)
	at edu.nps.moves.RprFomFederate.main(RprFomFederate.java:55)
ERROR [main] portico.lrc: federation exists: example
org.portico.lrc.compat.JFederationExecutionAlreadyExists: federation exists: example
	at org.portico.bindings.jgroups.LrcConnection.createFederation(LrcConnection.java:163)
	at org.portico.lrc.services.federation.handlers.outgoing.CreateFederationHandler.process(CreateFederationHandler.java:74)
	at org.portico.utils.messaging.MessageSink.process(MessageSink.java:187)
	at org.portico.impl.hla13.Impl13Helper.processMessage(Impl13Helper.java:123)
	at org.portico.impl.hla13.Rti13Ambassador.processMessage(Rti13Ambassador.java:5822)
	at org.portico.impl.hla13.Rti13Ambassador.createFederationExecution(Rti13Ambassador.java:194)
	at edu.nps.moves.RprFomFederate.runFederate(RprFomFederate.java:87)
	at edu.nps.moves.RprFomFederate.main(RprFomFederate.java:55)
ERROR [main] portico.lrc: federate name in use: example
org.portico.lrc.compat.JFederateAlreadyExecutionMember: federate name in use: example
	at org.portico.bindings.jgroups.LrcConnection.joinFederation(LrcConnection.java:260)
	at org.portico.lrc.services.federation.handlers.outgoing.JoinFederationHandler.process(JoinFederationHandler.java:92)
	at org.portico.utils.messaging.MessageSink.process(MessageSink.java:187)
	at org.portico.impl.hla13.Impl13Helper.processMessage(Impl13Helper.java:123)
	at org.portico.impl.hla13.Rti13Ambassador.processMessage(Rti13Ambassador.java:5822)
	at org.portico.impl.hla13.Rti13Ambassador.joinFederationExecution(Rti13Ambassador.java:321)
	at edu.nps.moves.RprFomFederate.runFederate(RprFomFederate.java:112)
	at edu.nps.moves.RprFomFederate.main(RprFomFederate.java:55)
ERROR [main] portico.lrc: name=RPRFOMFederation
org.portico.lrc.compat.JFederationExecutionDoesNotExist: name=RPRFOMFederation
	at org.portico.bindings.jgroups.LrcConnection.joinFederation(LrcConnection.java:248)
	at org.portico.lrc.services.federation.handlers.outgoing.JoinFederationHandler.process(JoinFederationHandler.java:92)
	at org.portico.utils.messaging.MessageSink.process(MessageSink.java:187)
	at org.portico.impl.hla13.Impl13Helper.processMessage(Impl13Helper.java:123)
	at org.portico.impl.hla13.Rti13Ambassador.processMessage(Rti13Ambassador.java:5822)
	at org.portico.impl.hla13.Rti13Ambassador.joinFederationExecution(Rti13Ambassador.java:321)
	at edu.nps.moves.RprFomFederate.runFederate(RprFomFederate.java:114)
	at edu.nps.moves.RprFomFederate.main(RprFomFederate.java:57)
ERROR [main] portico.lrc: name=RPRFOMFederation
org.portico.lrc.compat.JFederationExecutionDoesNotExist: name=RPRFOMFederation
	at org.portico.bindings.jgroups.LrcConnection.joinFederation(LrcConnection.java:248)
	at org.portico.lrc.services.federation.handlers.outgoing.JoinFederationHandler.process(JoinFederationHandler.java:92)
	at org.portico.utils.messaging.MessageSink.process(MessageSink.java:187)
	at org.portico.impl.hla13.Impl13Helper.processMessage(Impl13Helper.java:123)
	at org.portico.impl.hla13.Rti13Ambassador.processMessage(Rti13Ambassador.java:5822)
	at org.portico.impl.hla13.Rti13Ambassador.joinFederationExecution(Rti13Ambassador.java:321)
	at edu.nps.moves.RprFomFederate.runFederate(RprFomFederate.java:114)
	at edu.nps.moves.RprFomFederate.main(RprFomFederate.java:57)
ERROR [main] portico.lrc: federation exists: RPRFOMFederation
org.portico.lrc.compat.JFederationExecutionAlreadyExists: federation exists: RPRFOMFederation
	at org.portico.bindings.jgroups.LrcConnection.createFederation(LrcConnection.java:163)
	at org.portico.lrc.services.federation.handlers.outgoing.CreateFederationHandler.process(CreateFederationHandler.java:74)
	at org.portico.utils.messaging.MessageSink.process(MessageSink.java:187)
	at org.portico.impl.hla13.Impl13Helper.processMessage(Impl13Helper.java:123)
	at org.portico.impl.hla13.Rti13Ambassador.processMessage(Rti13Ambassador.java:5822)
	at org.portico.impl.hla13.Rti13Ambassador.createFederationExecution(Rti13Ambassador.java:194)
	at edu.nps.moves.RprFomFederate.runFederate(RprFomFederate.java:89)
	at edu.nps.moves.RprFomFederate.main(RprFomFederate.java:57)
ERROR [main] portico.lrc: FAILURE Regiser sync point [SimulationStartRendevousPoint] by [exampleFederate2947]: already registered
ERROR [main] portico.lrc: FAILURE Register sync point [SimulationStartRendevousPoint] by [exampleFederate2947]: label already registered
ERROR [main] portico.lrc: federation exists: RPRFOMFederation
org.portico.lrc.compat.JFederationExecutionAlreadyExists: federation exists: RPRFOMFederation
	at org.portico.bindings.jgroups.LrcConnection.createFederation(LrcConnection.java:163)
	at org.portico.lrc.services.federation.handlers.outgoing.CreateFederationHandler.process(CreateFederationHandler.java:74)
	at org.portico.utils.messaging.MessageSink.process(MessageSink.java:187)
	at org.portico.impl.hla13.Impl13Helper.processMessage(Impl13Helper.java:123)
	at org.portico.impl.hla13.Rti13Ambassador.processMessage(Rti13Ambassador.java:5822)
	at org.portico.impl.hla13.Rti13Ambassador.createFederationExecution(Rti13Ambassador.java:194)
	at edu.nps.moves.RprFomFederate.runFederate(RprFomFederate.java:95)
	at edu.nps.moves.RprFomFederate.main(RprFomFederate.java:63)
ERROR [main] portico.lrc: FAILURE Regiser sync point [SimulationStartRendevousPoint] by [exampleFederate7086]: already registered
ERROR [main] portico.lrc: FAILURE Register sync point [SimulationStartRendevousPoint] by [exampleFederate7086]: label already registered
ERROR [main] portico.lrc: federation exists: RPRFOMFederation
org.portico.lrc.compat.JFederationExecutionAlreadyExists: federation exists: RPRFOMFederation
	at org.portico.bindings.jgroups.LrcConnection.createFederation(LrcConnection.java:163)
	at org.portico.lrc.services.federation.handlers.outgoing.CreateFederationHandler.process(CreateFederationHandler.java:74)
	at org.portico.utils.messaging.MessageSink.process(MessageSink.java:187)
	at org.portico.impl.hla13.Impl13Helper.processMessage(Impl13Helper.java:123)
	at org.portico.impl.hla13.Rti13Ambassador.processMessage(Rti13Ambassador.java:5822)
	at org.portico.impl.hla13.Rti13Ambassador.createFederationExecution(Rti13Ambassador.java:194)
	at edu.nps.moves.RprFomFederate.runFederate(RprFomFederate.java:95)
	at edu.nps.moves.RprFomFederate.main(RprFomFederate.java:63)
ERROR [main] portico.lrc: FAILURE Regiser sync point [SimulationStartRendevousPoint] by [exampleFederate7310]: already registered
ERROR [main] portico.lrc: FAILURE Register sync point [SimulationStartRendevousPoint] by [exampleFederate7310]: label already registered
ERROR [main] portico.lrc: federation exists: RPRFOMFederation
org.portico.lrc.compat.JFederationExecutionAlreadyExists: federation exists: RPRFOMFederation
	at org.portico.bindings.jgroups.LrcConnection.createFederation(LrcConnection.java:163)
	at org.portico.lrc.services.federation.handlers.outgoing.CreateFederationHandler.process(CreateFederationHandler.java:74)
	at org.portico.utils.messaging.MessageSink.process(MessageSink.java:187)
	at org.portico.impl.hla13.Impl13Helper.processMessage(Impl13Helper.java:123)
	at org.portico.impl.hla13.Rti13Ambassador.processMessage(Rti13Ambassador.java:5822)
	at org.portico.impl.hla13.Rti13Ambassador.createFederationExecution(Rti13Ambassador.java:194)
	at edu.nps.moves.RprFomFederate.runFederate(RprFomFederate.java:95)
	at edu.nps.moves.RprFomFederate.main(RprFomFederate.java:63)
ERROR [main] portico.lrc: FAILURE Register sync point [SimulationStartRendevousPoint] by [exampleFederate1093]: already announced
ERROR [main] portico.lrc: federation exists: RPRFOMFederation
org.portico.lrc.compat.JFederationExecutionAlreadyExists: federation exists: RPRFOMFederation
	at org.portico.bindings.jgroups.LrcConnection.createFederation(LrcConnection.java:163)
	at org.portico.lrc.services.federation.handlers.outgoing.CreateFederationHandler.process(CreateFederationHandler.java:74)
	at org.portico.utils.messaging.MessageSink.process(MessageSink.java:187)
	at org.portico.impl.hla13.Impl13Helper.processMessage(Impl13Helper.java:123)
	at org.portico.impl.hla13.Rti13Ambassador.processMessage(Rti13Ambassador.java:5822)
	at org.portico.impl.hla13.Rti13Ambassador.createFederationExecution(Rti13Ambassador.java:194)
	at edu.nps.moves.RprFomFederate.runFederate(RprFomFederate.java:95)
	at edu.nps.moves.RprFomFederate.main(RprFomFederate.java:63)
ERROR [main] portico.lrc: FAILURE Regiser sync point [SimulationStartRendevousPoint] by [exampleFederate-2262]: already registered
ERROR [main] portico.lrc: FAILURE Register sync point [SimulationStartRendevousPoint] by [exampleFederate-2262]: label already registered
ERROR [main] portico.lrc: federation exists: RPRFOMFederation
org.portico.lrc.compat.JFederationExecutionAlreadyExists: federation exists: RPRFOMFederation
	at org.portico.bindings.jgroups.LrcConnection.createFederation(LrcConnection.java:163)
	at org.portico.lrc.services.federation.handlers.outgoing.CreateFederationHandler.process(CreateFederationHandler.java:74)
	at org.portico.utils.messaging.MessageSink.process(MessageSink.java:187)
	at org.portico.impl.hla13.Impl13Helper.processMessage(Impl13Helper.java:123)
	at org.portico.impl.hla13.Rti13Ambassador.processMessage(Rti13Ambassador.java:5822)
	at org.portico.impl.hla13.Rti13Ambassador.createFederationExecution(Rti13Ambassador.java:194)
	at edu.nps.moves.RprFomFederate.runFederate(RprFomFederate.java:95)
	at edu.nps.moves.RprFomFederate.main(RprFomFederate.java:63)
ERROR [main] portico.lrc: FAILURE Regiser sync point [SimulationStartRendevousPoint] by [exampleFederate-4541]: already registered
ERROR [main] portico.lrc: FAILURE Register sync point [SimulationStartRendevousPoint] by [exampleFederate-4541]: label already registered
ERROR [main] portico.lrc: federation exists: RPRFOMFederation
org.portico.lrc.compat.JFederationExecutionAlreadyExists: federation exists: RPRFOMFederation
	at org.portico.bindings.jgroups.LrcConnection.createFederation(LrcConnection.java:163)
	at org.portico.lrc.services.federation.handlers.outgoing.CreateFederationHandler.process(CreateFederationHandler.java:74)
	at org.portico.utils.messaging.MessageSink.process(MessageSink.java:187)
	at org.portico.impl.hla13.Impl13Helper.processMessage(Impl13Helper.java:123)
	at org.portico.impl.hla13.Rti13Ambassador.processMessage(Rti13Ambassador.java:5822)
	at org.portico.impl.hla13.Rti13Ambassador.createFederationExecution(Rti13Ambassador.java:194)
	at edu.nps.moves.RprFomFederate.runFederate(RprFomFederate.java:95)
	at edu.nps.moves.RprFomFederate.main(RprFomFederate.java:63)
ERROR [main] portico.lrc: FAILURE Regiser sync point [SimulationStartRendevousPoint] by [exampleFederate-7535]: already registered
ERROR [main] portico.lrc: FAILURE Register sync point [SimulationStartRendevousPoint] by [exampleFederate-7535]: label already registered
ERROR [main] portico.lrc: federation exists: RPRFOMFederation
org.portico.lrc.compat.JFederationExecutionAlreadyExists: federation exists: RPRFOMFederation
	at org.portico.bindings.jgroups.LrcConnection.createFederation(LrcConnection.java:163)
	at org.portico.lrc.services.federation.handlers.outgoing.CreateFederationHandler.process(CreateFederationHandler.java:74)
	at org.portico.utils.messaging.MessageSink.process(MessageSink.java:187)
	at org.portico.impl.hla13.Impl13Helper.processMessage(Impl13Helper.java:123)
	at org.portico.impl.hla13.Rti13Ambassador.processMessage(Rti13Ambassador.java:5822)
	at org.portico.impl.hla13.Rti13Ambassador.createFederationExecution(Rti13Ambassador.java:194)
	at edu.nps.moves.RprFomFederate.runFederate(RprFomFederate.java:95)
	at edu.nps.moves.RprFomFederate.main(RprFomFederate.java:63)
ERROR [main] portico.lrc: FAILURE Regiser sync point [SimulationStartRendevousPoint] by [exampleFederate-2705]: already registered
ERROR [main] portico.lrc: FAILURE Register sync point [SimulationStartRendevousPoint] by [exampleFederate-2705]: label already registered
ERROR [main] portico.lrc: federation exists: RPRFOMFederation
org.portico.lrc.compat.JFederationExecutionAlreadyExists: federation exists: RPRFOMFederation
	at org.portico.bindings.jgroups.LrcConnection.createFederation(LrcConnection.java:163)
	at org.portico.lrc.services.federation.handlers.outgoing.CreateFederationHandler.process(CreateFederationHandler.java:74)
	at org.portico.utils.messaging.MessageSink.process(MessageSink.java:187)
	at org.portico.impl.hla13.Impl13Helper.processMessage(Impl13Helper.java:123)
	at org.portico.impl.hla13.Rti13Ambassador.processMessage(Rti13Ambassador.java:5822)
	at org.portico.impl.hla13.Rti13Ambassador.createFederationExecution(Rti13Ambassador.java:194)
	at edu.nps.moves.RprFomFederate.runFederate(RprFomFederate.java:95)
	at edu.nps.moves.RprFomFederate.main(RprFomFederate.java:63)
ERROR [main] portico.lrc: FAILURE Regiser sync point [SimulationStartRendevousPoint] by [exampleFederate-366]: already registered
ERROR [main] portico.lrc: FAILURE Register sync point [SimulationStartRendevousPoint] by [exampleFederate-366]: label already registered
ERROR [main] portico.lrc: federation exists: RPRFOMFederation
org.portico.lrc.compat.JFederationExecutionAlreadyExists: federation exists: RPRFOMFederation
	at org.portico.bindings.jgroups.LrcConnection.createFederation(LrcConnection.java:163)
	at org.portico.lrc.services.federation.handlers.outgoing.CreateFederationHandler.process(CreateFederationHandler.java:74)
	at org.portico.utils.messaging.MessageSink.process(MessageSink.java:187)
	at org.portico.impl.hla13.Impl13Helper.processMessage(Impl13Helper.java:123)
	at org.portico.impl.hla13.Rti13Ambassador.processMessage(Rti13Ambassador.java:5822)
	at org.portico.impl.hla13.Rti13Ambassador.createFederationExecution(Rti13Ambassador.java:194)
	at edu.nps.moves.RprFomFederate.runFederate(RprFomFederate.java:95)
	at edu.nps.moves.RprFomFederate.main(RprFomFederate.java:63)
ERROR [main] portico.lrc: FAILURE Regiser sync point [SimulationStartRendevousPoint] by [exampleFederate-6078]: already registered
ERROR [main] portico.lrc: FAILURE Register sync point [SimulationStartRendevousPoint] by [exampleFederate-6078]: label already registered
ERROR [main] portico.lrc: federation exists: RPRFOMFederation
org.portico.lrc.compat.JFederationExecutionAlreadyExists: federation exists: RPRFOMFederation
	at org.portico.bindings.jgroups.LrcConnection.createFederation(LrcConnection.java:163)
	at org.portico.lrc.services.federation.handlers.outgoing.CreateFederationHandler.process(CreateFederationHandler.java:74)
	at org.portico.utils.messaging.MessageSink.process(MessageSink.java:187)
	at org.portico.impl.hla13.Impl13Helper.processMessage(Impl13Helper.java:123)
	at org.portico.impl.hla13.Rti13Ambassador.processMessage(Rti13Ambassador.java:5822)
	at org.portico.impl.hla13.Rti13Ambassador.createFederationExecution(Rti13Ambassador.java:194)
	at edu.nps.moves.RprFomFederate.runFederate(RprFomFederate.java:95)
	at edu.nps.moves.RprFomFederate.main(RprFomFederate.java:63)
ERROR [main] portico.lrc: FAILURE Register sync point [SimulationStartRendevousPoint] by [exampleFederate-1398]: already announced
ERROR [main] portico.lrc: federation exists: RPRFOMFederation
org.portico.lrc.compat.JFederationExecutionAlreadyExists: federation exists: RPRFOMFederation
	at org.portico.bindings.jgroups.LrcConnection.createFederation(LrcConnection.java:163)
	at org.portico.lrc.services.federation.handlers.outgoing.CreateFederationHandler.process(CreateFederationHandler.java:74)
	at org.portico.utils.messaging.MessageSink.process(MessageSink.java:187)
	at org.portico.impl.hla13.Impl13Helper.processMessage(Impl13Helper.java:123)
	at org.portico.impl.hla13.Rti13Ambassador.processMessage(Rti13Ambassador.java:5822)
	at org.portico.impl.hla13.Rti13Ambassador.createFederationExecution(Rti13Ambassador.java:194)
	at edu.nps.moves.RprFomFederate.runFederate(RprFomFederate.java:95)
	at edu.nps.moves.RprFomFederate.main(RprFomFederate.java:63)
ERROR [main] portico.lrc: FAILURE Register sync point [SimulationStartRendevousPoint] by [exampleFederate-1165]: already announced
ERROR [main] portico.lrc: No response from RTI (null) for message type: CreateFederation
hla.rti.RTIinternalError: No response from RTI (null) for message type: CreateFederation serial:0
	at org.portico.impl.hla13.Rti13Ambassador.processMessage(Rti13Ambassador.java:5827)
	at org.portico.impl.hla13.Rti13Ambassador.createFederationExecution(Rti13Ambassador.java:194)
	at edu.nps.moves.RprFomFederate.runFederate(RprFomFederate.java:95)
	at edu.nps.moves.RprFomFederate.main(RprFomFederate.java:63)
	at sun.reflect.NativeMethodAccessorImpl.invoke0(Native Method)
	at sun.reflect.NativeMethodAccessorImpl.invoke(NativeMethodAccessorImpl.java:57)
	at sun.reflect.DelegatingMethodAccessorImpl.invoke(DelegatingMethodAccessorImpl.java:43)
	at java.lang.reflect.Method.invoke(Method.java:606)
	at org.apache.tools.ant.taskdefs.ExecuteJava.run(ExecuteJava.java:217)
	at org.apache.tools.ant.taskdefs.ExecuteJava.execute(ExecuteJava.java:152)
	at org.apache.tools.ant.taskdefs.Java.run(Java.java:771)
	at org.apache.tools.ant.taskdefs.Java.executeJava(Java.java:221)
	at org.apache.tools.ant.taskdefs.Java.executeJava(Java.java:135)
	at org.apache.tools.ant.taskdefs.Java.execute(Java.java:108)
	at org.apache.tools.ant.UnknownElement.execute(UnknownElement.java:292)
	at sun.reflect.GeneratedMethodAccessor4.invoke(Unknown Source)
	at sun.reflect.DelegatingMethodAccessorImpl.invoke(DelegatingMethodAccessorImpl.java:43)
	at java.lang.reflect.Method.invoke(Method.java:606)
	at org.apache.tools.ant.dispatch.DispatchUtils.execute(DispatchUtils.java:106)
	at org.apache.tools.ant.Task.perform(Task.java:348)
	at org.apache.tools.ant.Target.execute(Target.java:435)
	at org.apache.tools.ant.Target.performTasks(Target.java:456)
	at org.apache.tools.ant.Project.executeSortedTargets(Project.java:1393)
	at org.apache.tools.ant.Project.executeTarget(Project.java:1364)
	at org.apache.tools.ant.helper.DefaultExecutor.executeTargets(DefaultExecutor.java:41)
	at org.apache.tools.ant.Project.executeTargets(Project.java:1248)
	at org.apache.tools.ant.Main.runBuild(Main.java:851)
	at org.apache.tools.ant.Main.startAnt(Main.java:235)
	at org.apache.tools.ant.launch.Launcher.run(Launcher.java:280)
	at org.apache.tools.ant.launch.Launcher.main(Launcher.java:109)
ERROR [main] portico.lrc: No response from RTI (null) for message type: JoinFederation
hla.rti.RTIinternalError: No response from RTI (null) for message type: JoinFederation serial:0
	at org.portico.impl.hla13.Rti13Ambassador.processMessage(Rti13Ambassador.java:5827)
	at org.portico.impl.hla13.Rti13Ambassador.joinFederationExecution(Rti13Ambassador.java:321)
	at edu.nps.moves.RprFomFederate.runFederate(RprFomFederate.java:119)
	at edu.nps.moves.RprFomFederate.main(RprFomFederate.java:63)
	at sun.reflect.NativeMethodAccessorImpl.invoke0(Native Method)
	at sun.reflect.NativeMethodAccessorImpl.invoke(NativeMethodAccessorImpl.java:57)
	at sun.reflect.DelegatingMethodAccessorImpl.invoke(DelegatingMethodAccessorImpl.java:43)
	at java.lang.reflect.Method.invoke(Method.java:606)
	at org.apache.tools.ant.taskdefs.ExecuteJava.run(ExecuteJava.java:217)
	at org.apache.tools.ant.taskdefs.ExecuteJava.execute(ExecuteJava.java:152)
	at org.apache.tools.ant.taskdefs.Java.run(Java.java:771)
	at org.apache.tools.ant.taskdefs.Java.executeJava(Java.java:221)
	at org.apache.tools.ant.taskdefs.Java.executeJava(Java.java:135)
	at org.apache.tools.ant.taskdefs.Java.execute(Java.java:108)
	at org.apache.tools.ant.UnknownElement.execute(UnknownElement.java:292)
	at sun.reflect.GeneratedMethodAccessor4.invoke(Unknown Source)
	at sun.reflect.DelegatingMethodAccessorImpl.invoke(DelegatingMethodAccessorImpl.java:43)
	at java.lang.reflect.Method.invoke(Method.java:606)
	at org.apache.tools.ant.dispatch.DispatchUtils.execute(DispatchUtils.java:106)
	at org.apache.tools.ant.Task.perform(Task.java:348)
	at org.apache.tools.ant.Target.execute(Target.java:435)
	at org.apache.tools.ant.Target.performTasks(Target.java:456)
	at org.apache.tools.ant.Project.executeSortedTargets(Project.java:1393)
	at org.apache.tools.ant.Project.executeTarget(Project.java:1364)
	at org.apache.tools.ant.helper.DefaultExecutor.executeTargets(DefaultExecutor.java:41)
	at org.apache.tools.ant.Project.executeTargets(Project.java:1248)
	at org.apache.tools.ant.Main.runBuild(Main.java:851)
	at org.apache.tools.ant.Main.startAnt(Main.java:235)
	at org.apache.tools.ant.launch.Launcher.run(Launcher.java:280)
	at org.apache.tools.ant.launch.Launcher.main(Launcher.java:109)
ERROR [main] portico.lrc: federation exists: RPRFOMFederation
org.portico.lrc.compat.JFederationExecutionAlreadyExists: federation exists: RPRFOMFederation
	at org.portico.bindings.jgroups.LrcConnection.createFederation(LrcConnection.java:163)
	at org.portico.lrc.services.federation.handlers.outgoing.CreateFederationHandler.process(CreateFederationHandler.java:74)
	at org.portico.utils.messaging.MessageSink.process(MessageSink.java:187)
	at org.portico.impl.hla13.Impl13Helper.processMessage(Impl13Helper.java:123)
	at org.portico.impl.hla13.Rti13Ambassador.processMessage(Rti13Ambassador.java:5822)
	at org.portico.impl.hla13.Rti13Ambassador.createFederationExecution(Rti13Ambassador.java:194)
	at edu.nps.moves.RprFomFederate.runFederate(RprFomFederate.java:95)
	at edu.nps.moves.RprFomFederate.main(RprFomFederate.java:63)
ERROR [main] portico.lrc: federate name in use: test
org.portico.lrc.compat.JFederateAlreadyExecutionMember: federate name in use: test
	at org.portico.bindings.jgroups.LrcConnection.joinFederation(LrcConnection.java:260)
	at org.portico.lrc.services.federation.handlers.outgoing.JoinFederationHandler.process(JoinFederationHandler.java:92)
	at org.portico.utils.messaging.MessageSink.process(MessageSink.java:187)
	at org.portico.impl.hla13.Impl13Helper.processMessage(Impl13Helper.java:123)
	at org.portico.impl.hla13.Rti13Ambassador.processMessage(Rti13Ambassador.java:5822)
	at org.portico.impl.hla13.Rti13Ambassador.joinFederationExecution(Rti13Ambassador.java:321)
	at edu.nps.moves.RprFomFederate.runFederate(RprFomFederate.java:119)
	at edu.nps.moves.RprFomFederate.main(RprFomFederate.java:63)
ERROR [main] portico.lrc: federation exists: RPRFOMFederation
org.portico.lrc.compat.JFederationExecutionAlreadyExists: federation exists: RPRFOMFederation
	at org.portico.bindings.jgroups.LrcConnection.createFederation(LrcConnection.java:163)
	at org.portico.lrc.services.federation.handlers.outgoing.CreateFederationHandler.process(CreateFederationHandler.java:74)
	at org.portico.utils.messaging.MessageSink.process(MessageSink.java:187)
	at org.portico.impl.hla13.Impl13Helper.processMessage(Impl13Helper.java:123)
	at org.portico.impl.hla13.Rti13Ambassador.processMessage(Rti13Ambassador.java:5822)
	at org.portico.impl.hla13.Rti13Ambassador.createFederationExecution(Rti13Ambassador.java:194)
	at edu.nps.moves.RprFomFederate.runFederate(RprFomFederate.java:95)
	at edu.nps.moves.RprFomFederate.main(RprFomFederate.java:63)
ERROR [main] portico.lrc: federate name in use: test
org.portico.lrc.compat.JFederateAlreadyExecutionMember: federate name in use: test
	at org.portico.bindings.jgroups.LrcConnection.joinFederation(LrcConnection.java:260)
	at org.portico.lrc.services.federation.handlers.outgoing.JoinFederationHandler.process(JoinFederationHandler.java:92)
	at org.portico.utils.messaging.MessageSink.process(MessageSink.java:187)
	at org.portico.impl.hla13.Impl13Helper.processMessage(Impl13Helper.java:123)
	at org.portico.impl.hla13.Rti13Ambassador.processMessage(Rti13Ambassador.java:5822)
	at org.portico.impl.hla13.Rti13Ambassador.joinFederationExecution(Rti13Ambassador.java:321)
	at edu.nps.moves.RprFomFederate.runFederate(RprFomFederate.java:119)
	at edu.nps.moves.RprFomFederate.main(RprFomFederate.java:63)
ERROR [main] portico.lrc: federation exists: RPRFOMFederation
org.portico.lrc.compat.JFederationExecutionAlreadyExists: federation exists: RPRFOMFederation
	at org.portico.bindings.jgroups.LrcConnection.createFederation(LrcConnection.java:163)
	at org.portico.lrc.services.federation.handlers.outgoing.CreateFederationHandler.process(CreateFederationHandler.java:74)
	at org.portico.utils.messaging.MessageSink.process(MessageSink.java:187)
	at org.portico.impl.hla13.Impl13Helper.processMessage(Impl13Helper.java:123)
	at org.portico.impl.hla13.Rti13Ambassador.processMessage(Rti13Ambassador.java:5822)
	at org.portico.impl.hla13.Rti13Ambassador.createFederationExecution(Rti13Ambassador.java:194)
	at edu.nps.moves.RprFomFederate.runFederate(RprFomFederate.java:95)
	at edu.nps.moves.RprFomFederate.main(RprFomFederate.java:63)
ERROR [main] portico.lrc: FAILURE Regiser sync point [SimulationStartRendevousPoint] by [test1]: already registered
ERROR [main] portico.lrc: FAILURE Register sync point [SimulationStartRendevousPoint] by [test1]: label already registered
ERROR [main] portico.lrc: federation exists: RPRFOMFederation
org.portico.lrc.compat.JFederationExecutionAlreadyExists: federation exists: RPRFOMFederation
	at org.portico.bindings.jgroups.LrcConnection.createFederation(LrcConnection.java:163)
	at org.portico.lrc.services.federation.handlers.outgoing.CreateFederationHandler.process(CreateFederationHandler.java:74)
	at org.portico.utils.messaging.MessageSink.process(MessageSink.java:187)
	at org.portico.impl.hla13.Impl13Helper.processMessage(Impl13Helper.java:123)
	at org.portico.impl.hla13.Rti13Ambassador.processMessage(Rti13Ambassador.java:5822)
	at org.portico.impl.hla13.Rti13Ambassador.createFederationExecution(Rti13Ambassador.java:194)
	at edu.nps.moves.RprFomFederate.runFederate(RprFomFederate.java:95)
	at edu.nps.moves.RprFomFederate.main(RprFomFederate.java:63)
ERROR [main] portico.lrc: FAILURE Register sync point [SimulationStartRendevousPoint] by [test1]: already announced
ERROR [main] portico.lrc: Can't resign, federate [test] owns attributes [509, 502] for object [2]
org.portico.lrc.compat.JFederateOwnsAttributes: Can't resign, federate [test] owns attributes [509, 502] for object [2]
	at org.portico.lrc.services.federation.handlers.outgoing.ResignFederationHandler.validateResignAction(ResignFederationHandler.java:112)
	at org.portico.lrc.services.federation.handlers.outgoing.ResignFederationHandler.process(ResignFederationHandler.java:76)
	at org.portico.utils.messaging.MessageSink.process(MessageSink.java:187)
	at org.portico.impl.hla13.Impl13Helper.processMessage(Impl13Helper.java:123)
	at org.portico.impl.hla13.Rti13Ambassador.processMessage(Rti13Ambassador.java:5822)
	at org.portico.impl.hla13.Rti13Ambassador.resignFederationExecution(Rti13Ambassador.java:412)
	at edu.nps.moves.RprFomFederate.runFederate(RprFomFederate.java:156)
	at edu.nps.moves.RprFomFederate.main(RprFomFederate.java:63)
ERROR [main] portico.lrc: Can't resign, federate [test1] owns attributes [509, 502] for object [2097153]
org.portico.lrc.compat.JFederateOwnsAttributes: Can't resign, federate [test1] owns attributes [509, 502] for object [2097153]
	at org.portico.lrc.services.federation.handlers.outgoing.ResignFederationHandler.validateResignAction(ResignFederationHandler.java:112)
	at org.portico.lrc.services.federation.handlers.outgoing.ResignFederationHandler.process(ResignFederationHandler.java:76)
	at org.portico.utils.messaging.MessageSink.process(MessageSink.java:187)
	at org.portico.impl.hla13.Impl13Helper.processMessage(Impl13Helper.java:123)
	at org.portico.impl.hla13.Rti13Ambassador.processMessage(Rti13Ambassador.java:5822)
	at org.portico.impl.hla13.Rti13Ambassador.resignFederationExecution(Rti13Ambassador.java:412)
	at edu.nps.moves.RprFomFederate.runFederate(RprFomFederate.java:156)
	at edu.nps.moves.RprFomFederate.main(RprFomFederate.java:63)
ERROR [main] portico.lrc: federation exists: RPRFOMFederation
org.portico.lrc.compat.JFederationExecutionAlreadyExists: federation exists: RPRFOMFederation
	at org.portico.bindings.jgroups.LrcConnection.createFederation(LrcConnection.java:163)
	at org.portico.lrc.services.federation.handlers.outgoing.CreateFederationHandler.process(CreateFederationHandler.java:74)
	at org.portico.utils.messaging.MessageSink.process(MessageSink.java:187)
	at org.portico.impl.hla13.Impl13Helper.processMessage(Impl13Helper.java:123)
	at org.portico.impl.hla13.Rti13Ambassador.processMessage(Rti13Ambassador.java:5822)
	at org.portico.impl.hla13.Rti13Ambassador.createFederationExecution(Rti13Ambassador.java:194)
	at edu.nps.moves.RprFomFederate.runFederate(RprFomFederate.java:95)
	at edu.nps.moves.RprFomFederate.main(RprFomFederate.java:62)
ERROR [main] portico.lrc: FAILURE Register sync point [SimulationStartRendevousPoint] by [rprFederate-6347]: already announced
ERROR [main] portico.lrc: Can't resign, federate [rprFederate-2525] owns attributes [509, 502] for object [2]
org.portico.lrc.compat.JFederateOwnsAttributes: Can't resign, federate [rprFederate-2525] owns attributes [509, 502] for object [2]
	at org.portico.lrc.services.federation.handlers.outgoing.ResignFederationHandler.validateResignAction(ResignFederationHandler.java:112)
	at org.portico.lrc.services.federation.handlers.outgoing.ResignFederationHandler.process(ResignFederationHandler.java:76)
	at org.portico.utils.messaging.MessageSink.process(MessageSink.java:187)
	at org.portico.impl.hla13.Impl13Helper.processMessage(Impl13Helper.java:123)
	at org.portico.impl.hla13.Rti13Ambassador.processMessage(Rti13Ambassador.java:5822)
	at org.portico.impl.hla13.Rti13Ambassador.resignFederationExecution(Rti13Ambassador.java:412)
	at edu.nps.moves.RprFomFederate.runFederate(RprFomFederate.java:156)
	at edu.nps.moves.RprFomFederate.main(RprFomFederate.java:62)
ERROR [main] portico.lrc: Can't resign, federate [rprFederate-6347] owns attributes [509, 502] for object [2097153]
org.portico.lrc.compat.JFederateOwnsAttributes: Can't resign, federate [rprFederate-6347] owns attributes [509, 502] for object [2097153]
	at org.portico.lrc.services.federation.handlers.outgoing.ResignFederationHandler.validateResignAction(ResignFederationHandler.java:112)
	at org.portico.lrc.services.federation.handlers.outgoing.ResignFederationHandler.process(ResignFederationHandler.java:76)
	at org.portico.utils.messaging.MessageSink.process(MessageSink.java:187)
	at org.portico.impl.hla13.Impl13Helper.processMessage(Impl13Helper.java:123)
	at org.portico.impl.hla13.Rti13Ambassador.processMessage(Rti13Ambassador.java:5822)
	at org.portico.impl.hla13.Rti13Ambassador.resignFederationExecution(Rti13Ambassador.java:412)
	at edu.nps.moves.RprFomFederate.runFederate(RprFomFederate.java:156)
	at edu.nps.moves.RprFomFederate.main(RprFomFederate.java:62)
ERROR [main] portico.lrc: federation exists: RPRFOMFederation
org.portico.lrc.compat.JFederationExecutionAlreadyExists: federation exists: RPRFOMFederation
	at org.portico.bindings.jgroups.LrcConnection.createFederation(LrcConnection.java:163)
	at org.portico.lrc.services.federation.handlers.outgoing.CreateFederationHandler.process(CreateFederationHandler.java:74)
	at org.portico.utils.messaging.MessageSink.process(MessageSink.java:187)
	at org.portico.impl.hla13.Impl13Helper.processMessage(Impl13Helper.java:123)
	at org.portico.impl.hla13.Rti13Ambassador.processMessage(Rti13Ambassador.java:5822)
	at org.portico.impl.hla13.Rti13Ambassador.createFederationExecution(Rti13Ambassador.java:194)
	at edu.nps.moves.RprFomFederate.runFederate(RprFomFederate.java:95)
	at edu.nps.moves.RprFomFederate.main(RprFomFederate.java:62)
ERROR [main] portico.lrc: FAILURE Register sync point [SimulationStartRendevousPoint] by [rprFederate-8857]: already announced
ERROR [main] portico.lrc: Can't resign, federate [rprFederate-1029] owns attributes [509, 502] for object [2]
org.portico.lrc.compat.JFederateOwnsAttributes: Can't resign, federate [rprFederate-1029] owns attributes [509, 502] for object [2]
	at org.portico.lrc.services.federation.handlers.outgoing.ResignFederationHandler.validateResignAction(ResignFederationHandler.java:112)
	at org.portico.lrc.services.federation.handlers.outgoing.ResignFederationHandler.process(ResignFederationHandler.java:76)
	at org.portico.utils.messaging.MessageSink.process(MessageSink.java:187)
	at org.portico.impl.hla13.Impl13Helper.processMessage(Impl13Helper.java:123)
	at org.portico.impl.hla13.Rti13Ambassador.processMessage(Rti13Ambassador.java:5822)
	at org.portico.impl.hla13.Rti13Ambassador.resignFederationExecution(Rti13Ambassador.java:412)
	at edu.nps.moves.RprFomFederate.runFederate(RprFomFederate.java:157)
	at edu.nps.moves.RprFomFederate.main(RprFomFederate.java:62)
ERROR [main] portico.lrc: Can't resign, federate [rprFederate-8857] owns attributes [509, 502] for object [2097153]
org.portico.lrc.compat.JFederateOwnsAttributes: Can't resign, federate [rprFederate-8857] owns attributes [509, 502] for object [2097153]
	at org.portico.lrc.services.federation.handlers.outgoing.ResignFederationHandler.validateResignAction(ResignFederationHandler.java:112)
	at org.portico.lrc.services.federation.handlers.outgoing.ResignFederationHandler.process(ResignFederationHandler.java:76)
	at org.portico.utils.messaging.MessageSink.process(MessageSink.java:187)
	at org.portico.impl.hla13.Impl13Helper.processMessage(Impl13Helper.java:123)
	at org.portico.impl.hla13.Rti13Ambassador.processMessage(Rti13Ambassador.java:5822)
	at org.portico.impl.hla13.Rti13Ambassador.resignFederationExecution(Rti13Ambassador.java:412)
	at edu.nps.moves.RprFomFederate.runFederate(RprFomFederate.java:157)
	at edu.nps.moves.RprFomFederate.main(RprFomFederate.java:62)
ERROR [main] portico.lrc: federates still joined: [rprFederate-2645]
org.portico.lrc.compat.JFederatesCurrentlyJoined: federates still joined: [rprFederate-2645]
	at org.portico.bindings.jgroups.LrcConnection.destroyFederation(LrcConnection.java:211)
	at org.portico.lrc.services.federation.handlers.outgoing.DestroyFederationHandler.process(DestroyFederationHandler.java:57)
	at org.portico.utils.messaging.MessageSink.process(MessageSink.java:187)
	at org.portico.impl.hla13.Impl13Helper.processMessage(Impl13Helper.java:123)
	at org.portico.impl.hla13.Rti13Ambassador.processMessage(Rti13Ambassador.java:5822)
	at org.portico.impl.hla13.Rti13Ambassador.destroyFederationExecution(Rti13Ambassador.java:257)
	at edu.nps.moves.RprFomFederate.runFederate(RprFomFederate.java:168)
	at edu.nps.moves.RprFomFederate.main(RprFomFederate.java:62)
FATAL [ViewHandler-6,RPRFOMFederation,surfnazi.local-1236] portico.lrc.jgroups: Couldn't deserialize Roster received from cluster, invalid state could now cause strange behaviour
java.lang.NullPointerException
	at org.portico.bindings.jgroups.ChannelWrapper$ChannelListener.setState(ChannelWrapper.java:255)
	at org.jgroups.blocks.MessageDispatcher$ProtocolAdapter.handleUpEvent(MessageDispatcher.java:749)
	at org.jgroups.blocks.MessageDispatcher$ProtocolAdapter.up(MessageDispatcher.java:849)
	at org.jgroups.JChannel.up(JChannel.java:1372)
	at org.jgroups.stack.ProtocolStack.up(ProtocolStack.java:829)
	at org.jgroups.protocols.pbcast.STATE_TRANSFER.handleStateRsp(STATE_TRANSFER.java:427)
	at org.jgroups.protocols.pbcast.STATE_TRANSFER.handleViewChange(STATE_TRANSFER.java:356)
	at org.jgroups.protocols.pbcast.STATE_TRANSFER.up(STATE_TRANSFER.java:142)
	at org.jgroups.protocols.FRAG2.up(FRAG2.java:188)
	at org.jgroups.protocols.FC.up(FC.java:490)
	at org.jgroups.protocols.pbcast.GMS.up(GMS.java:890)
	at org.jgroups.protocols.VIEW_SYNC.up(VIEW_SYNC.java:173)
	at org.jgroups.protocols.pbcast.GMS.castViewChangeWithDest(GMS.java:466)
	at org.jgroups.protocols.pbcast.CoordGmsImpl.handleMembershipChange(CoordGmsImpl.java:220)
	at org.jgroups.protocols.pbcast.GMS$ViewHandler.process(GMS.java:1419)
	at org.jgroups.protocols.pbcast.GMS$ViewHandler.run(GMS.java:1373)
	at java.lang.Thread.run(Thread.java:744)
ERROR [main] portico.lrc.jgroups: Error connecting to channel [RPRFOMFederation]: surfnazi.local-1236 could not fetch state (full) from (all)
org.jgroups.StateTransferException: surfnazi.local-1236 could not fetch state (full) from (all)
	at org.jgroups.JChannel.connect(JChannel.java:541)
	at org.jgroups.JChannel.connect(JChannel.java:459)
	at org.portico.bindings.jgroups.ChannelWrapper.<init>(ChannelWrapper.java:106)
	at org.portico.bindings.jgroups.LrcConnection.createFederation(LrcConnection.java:155)
	at org.portico.lrc.services.federation.handlers.outgoing.CreateFederationHandler.process(CreateFederationHandler.java:74)
	at org.portico.utils.messaging.MessageSink.process(MessageSink.java:187)
	at org.portico.impl.hla13.Impl13Helper.processMessage(Impl13Helper.java:123)
	at org.portico.impl.hla13.Rti13Ambassador.processMessage(Rti13Ambassador.java:5822)
	at org.portico.impl.hla13.Rti13Ambassador.createFederationExecution(Rti13Ambassador.java:194)
	at edu.nps.moves.RprFomFederate.runFederate(RprFomFederate.java:95)
	at edu.nps.moves.RprFomFederate.main(RprFomFederate.java:62)
Caused by: org.jgroups.StateTransferException: surfnazi.local-1236 could not fetch state (full) from (all)
	at org.jgroups.JChannel.connect(JChannel.java:535)
	... 10 more
ERROR [main] portico.lrc: org.jgroups.StateTransferException: surfnazi.local-1236 could not fetch state (full) from (all)
org.portico.lrc.compat.JRTIinternalError: org.jgroups.StateTransferException: surfnazi.local-1236 could not fetch state (full) from (all)
	at org.portico.bindings.jgroups.ChannelWrapper.<init>(ChannelWrapper.java:112)
	at org.portico.bindings.jgroups.LrcConnection.createFederation(LrcConnection.java:155)
	at org.portico.lrc.services.federation.handlers.outgoing.CreateFederationHandler.process(CreateFederationHandler.java:74)
	at org.portico.utils.messaging.MessageSink.process(MessageSink.java:187)
	at org.portico.impl.hla13.Impl13Helper.processMessage(Impl13Helper.java:123)
	at org.portico.impl.hla13.Rti13Ambassador.processMessage(Rti13Ambassador.java:5822)
	at org.portico.impl.hla13.Rti13Ambassador.createFederationExecution(Rti13Ambassador.java:194)
	at edu.nps.moves.RprFomFederate.runFederate(RprFomFederate.java:95)
	at edu.nps.moves.RprFomFederate.main(RprFomFederate.java:62)
Caused by: org.jgroups.StateTransferException: surfnazi.local-1236 could not fetch state (full) from (all)
	at org.jgroups.JChannel.connect(JChannel.java:541)
	at org.jgroups.JChannel.connect(JChannel.java:459)
	at org.portico.bindings.jgroups.ChannelWrapper.<init>(ChannelWrapper.java:106)
	... 8 more
Caused by: org.jgroups.StateTransferException: surfnazi.local-1236 could not fetch state (full) from (all)
	at org.jgroups.JChannel.connect(JChannel.java:535)
	... 10 more
ERROR [main] portico.lrc: name=RPRFOMFederation
org.portico.lrc.compat.JFederationExecutionDoesNotExist: name=RPRFOMFederation
	at org.portico.bindings.jgroups.LrcConnection.joinFederation(LrcConnection.java:248)
	at org.portico.lrc.services.federation.handlers.outgoing.JoinFederationHandler.process(JoinFederationHandler.java:92)
	at org.portico.utils.messaging.MessageSink.process(MessageSink.java:187)
	at org.portico.impl.hla13.Impl13Helper.processMessage(Impl13Helper.java:123)
	at org.portico.impl.hla13.Rti13Ambassador.processMessage(Rti13Ambassador.java:5822)
	at org.portico.impl.hla13.Rti13Ambassador.joinFederationExecution(Rti13Ambassador.java:321)
	at edu.nps.moves.RprFomFederate.runFederate(RprFomFederate.java:119)
	at edu.nps.moves.RprFomFederate.main(RprFomFederate.java:62)
ERROR [main] portico.lrc: federation exists: RPRFOMFederation
org.portico.lrc.compat.JFederationExecutionAlreadyExists: federation exists: RPRFOMFederation
	at org.portico.bindings.jgroups.LrcConnection.createFederation(LrcConnection.java:163)
	at org.portico.lrc.services.federation.handlers.outgoing.CreateFederationHandler.process(CreateFederationHandler.java:74)
	at org.portico.utils.messaging.MessageSink.process(MessageSink.java:187)
	at org.portico.impl.hla13.Impl13Helper.processMessage(Impl13Helper.java:123)
	at org.portico.impl.hla13.Rti13Ambassador.processMessage(Rti13Ambassador.java:5822)
	at org.portico.impl.hla13.Rti13Ambassador.createFederationExecution(Rti13Ambassador.java:194)
	at edu.nps.moves.RprFomFederate.runFederate(RprFomFederate.java:95)
	at edu.nps.moves.RprFomFederate.main(RprFomFederate.java:62)
ERROR [main] portico.lrc: FAILURE Regiser sync point [SimulationStartRendevousPoint] by [rprFederate-1598]: already registered
ERROR [main] portico.lrc: FAILURE Register sync point [SimulationStartRendevousPoint] by [rprFederate-1598]: label already registered
ERROR [main] portico.lrc: federation exists: RPRFOMFederation
org.portico.lrc.compat.JFederationExecutionAlreadyExists: federation exists: RPRFOMFederation
	at org.portico.bindings.jgroups.LrcConnection.createFederation(LrcConnection.java:163)
	at org.portico.lrc.services.federation.handlers.outgoing.CreateFederationHandler.process(CreateFederationHandler.java:74)
	at org.portico.utils.messaging.MessageSink.process(MessageSink.java:187)
	at org.portico.impl.hla13.Impl13Helper.processMessage(Impl13Helper.java:123)
	at org.portico.impl.hla13.Rti13Ambassador.processMessage(Rti13Ambassador.java:5822)
	at org.portico.impl.hla13.Rti13Ambassador.createFederationExecution(Rti13Ambassador.java:194)
	at edu.nps.moves.RprFomFederate.runFederate(RprFomFederate.java:95)
	at edu.nps.moves.RprFomFederate.main(RprFomFederate.java:62)
ERROR [main] portico.lrc: FAILURE Regiser sync point [SimulationStartRendevousPoint] by [rprFederate-2630]: already registered
ERROR [main] portico.lrc: FAILURE Register sync point [SimulationStartRendevousPoint] by [rprFederate-2630]: label already registered
ERROR [main] portico.lrc: federation exists: RPRFOMFederation
org.portico.lrc.compat.JFederationExecutionAlreadyExists: federation exists: RPRFOMFederation
	at org.portico.bindings.jgroups.LrcConnection.createFederation(LrcConnection.java:163)
	at org.portico.lrc.services.federation.handlers.outgoing.CreateFederationHandler.process(CreateFederationHandler.java:74)
	at org.portico.utils.messaging.MessageSink.process(MessageSink.java:187)
	at org.portico.impl.hla13.Impl13Helper.processMessage(Impl13Helper.java:123)
	at org.portico.impl.hla13.Rti13Ambassador.processMessage(Rti13Ambassador.java:5822)
	at org.portico.impl.hla13.Rti13Ambassador.createFederationExecution(Rti13Ambassador.java:194)
	at edu.nps.moves.RprFomFederate.runFederate(RprFomFederate.java:93)
	at edu.nps.moves.RprFomFederate.main(RprFomFederate.java:62)
ERROR [main] portico.lrc: FAILURE Regiser sync point [SimulationStartRendevousPoint] by [rprFederate-3150]: already registered
ERROR [main] portico.lrc: FAILURE Register sync point [SimulationStartRendevousPoint] by [rprFederate-3150]: label already registered
ERROR [main] portico.lrc: federation exists: RPRFOMFederation
org.portico.lrc.compat.JFederationExecutionAlreadyExists: federation exists: RPRFOMFederation
	at org.portico.bindings.jgroups.LrcConnection.createFederation(LrcConnection.java:163)
	at org.portico.lrc.services.federation.handlers.outgoing.CreateFederationHandler.process(CreateFederationHandler.java:74)
	at org.portico.utils.messaging.MessageSink.process(MessageSink.java:187)
	at org.portico.impl.hla13.Impl13Helper.processMessage(Impl13Helper.java:123)
	at org.portico.impl.hla13.Rti13Ambassador.processMessage(Rti13Ambassador.java:5822)
	at org.portico.impl.hla13.Rti13Ambassador.createFederationExecution(Rti13Ambassador.java:194)
	at edu.nps.moves.RprFomFederate.runFederate(RprFomFederate.java:109)
	at edu.nps.moves.RprFomFederate.main(RprFomFederate.java:78)
ERROR [main] portico.lrc: FAILURE Regiser sync point [SimulationStartRendevousPoint] by [rprFederate-8585]: already registered
ERROR [main] portico.lrc: FAILURE Register sync point [SimulationStartRendevousPoint] by [rprFederate-8585]: label already registered
ERROR [main] portico.lrc: attribute [512] of instance: 2 not owned by [rprFederate-1417] (owner:null)
org.portico.lrc.compat.JAttributeNotOwned: attribute [512] of instance: 2 not owned by [rprFederate-1417] (owner:null)
	at org.portico.lrc.services.object.handlers.outgoing.UpdateAttributesHandler.process(UpdateAttributesHandler.java:97)
	at org.portico.utils.messaging.MessageSink.process(MessageSink.java:187)
	at org.portico.impl.hla13.Impl13Helper.processMessage(Impl13Helper.java:123)
	at org.portico.impl.hla13.Rti13Ambassador.processMessage(Rti13Ambassador.java:5822)
	at org.portico.impl.hla13.Rti13Ambassador.updateAttributeValues(Rti13Ambassador.java:1895)
	at edu.nps.moves.RprFomFederate.initializePhysicalEntity(RprFomFederate.java:303)
	at edu.nps.moves.RprFomFederate.runFederate(RprFomFederate.java:168)
	at edu.nps.moves.RprFomFederate.main(RprFomFederate.java:78)
ERROR [main] portico.lrc: attribute [512] of instance: 2 not owned by [rprFederate-1417] (owner:null)
org.portico.lrc.compat.JAttributeNotOwned: attribute [512] of instance: 2 not owned by [rprFederate-1417] (owner:null)
	at org.portico.lrc.services.object.handlers.outgoing.UpdateAttributesHandler.process(UpdateAttributesHandler.java:97)
	at org.portico.utils.messaging.MessageSink.process(MessageSink.java:187)
	at org.portico.impl.hla13.Impl13Helper.processMessage(Impl13Helper.java:123)
	at org.portico.impl.hla13.Rti13Ambassador.processMessage(Rti13Ambassador.java:5822)
	at org.portico.impl.hla13.Rti13Ambassador.updateAttributeValues(Rti13Ambassador.java:1895)
	at edu.nps.moves.RprFomFederate.updateAttributeValues(RprFomFederate.java:341)
	at edu.nps.moves.RprFomFederate.runFederate(RprFomFederate.java:174)
	at edu.nps.moves.RprFomFederate.main(RprFomFederate.java:78)
ERROR [main] portico.lrc: attribute [512] of instance: 2097153 not owned by [rprFederate-8585] (owner:null)
org.portico.lrc.compat.JAttributeNotOwned: attribute [512] of instance: 2097153 not owned by [rprFederate-8585] (owner:null)
	at org.portico.lrc.services.object.handlers.outgoing.UpdateAttributesHandler.process(UpdateAttributesHandler.java:97)
	at org.portico.utils.messaging.MessageSink.process(MessageSink.java:187)
	at org.portico.impl.hla13.Impl13Helper.processMessage(Impl13Helper.java:123)
	at org.portico.impl.hla13.Rti13Ambassador.processMessage(Rti13Ambassador.java:5822)
	at org.portico.impl.hla13.Rti13Ambassador.updateAttributeValues(Rti13Ambassador.java:1895)
	at edu.nps.moves.RprFomFederate.initializePhysicalEntity(RprFomFederate.java:303)
	at edu.nps.moves.RprFomFederate.runFederate(RprFomFederate.java:168)
	at edu.nps.moves.RprFomFederate.main(RprFomFederate.java:78)
ERROR [main] portico.lrc: attribute [512] of instance: 2097153 not owned by [rprFederate-8585] (owner:null)
org.portico.lrc.compat.JAttributeNotOwned: attribute [512] of instance: 2097153 not owned by [rprFederate-8585] (owner:null)
	at org.portico.lrc.services.object.handlers.outgoing.UpdateAttributesHandler.process(UpdateAttributesHandler.java:97)
	at org.portico.utils.messaging.MessageSink.process(MessageSink.java:187)
	at org.portico.impl.hla13.Impl13Helper.processMessage(Impl13Helper.java:123)
	at org.portico.impl.hla13.Rti13Ambassador.processMessage(Rti13Ambassador.java:5822)
	at org.portico.impl.hla13.Rti13Ambassador.updateAttributeValues(Rti13Ambassador.java:1895)
	at edu.nps.moves.RprFomFederate.updateAttributeValues(RprFomFederate.java:341)
	at edu.nps.moves.RprFomFederate.runFederate(RprFomFederate.java:174)
	at edu.nps.moves.RprFomFederate.main(RprFomFederate.java:78)
ERROR [main] portico.lrc: attribute [512] of instance: 2 not owned by [rprFederate-8498] (owner:null)
org.portico.lrc.compat.JAttributeNotOwned: attribute [512] of instance: 2 not owned by [rprFederate-8498] (owner:null)
	at org.portico.lrc.services.object.handlers.outgoing.UpdateAttributesHandler.process(UpdateAttributesHandler.java:97)
	at org.portico.utils.messaging.MessageSink.process(MessageSink.java:187)
	at org.portico.impl.hla13.Impl13Helper.processMessage(Impl13Helper.java:123)
	at org.portico.impl.hla13.Rti13Ambassador.processMessage(Rti13Ambassador.java:5822)
	at org.portico.impl.hla13.Rti13Ambassador.updateAttributeValues(Rti13Ambassador.java:1895)
	at edu.nps.moves.RprFomFederate.initializePhysicalEntity(RprFomFederate.java:303)
	at edu.nps.moves.RprFomFederate.runFederate(RprFomFederate.java:168)
	at edu.nps.moves.RprFomFederate.main(RprFomFederate.java:78)
ERROR [main] portico.lrc: attribute [512] of instance: 2 not owned by [rprFederate-8498] (owner:null)
org.portico.lrc.compat.JAttributeNotOwned: attribute [512] of instance: 2 not owned by [rprFederate-8498] (owner:null)
	at org.portico.lrc.services.object.handlers.outgoing.UpdateAttributesHandler.process(UpdateAttributesHandler.java:97)
	at org.portico.utils.messaging.MessageSink.process(MessageSink.java:187)
	at org.portico.impl.hla13.Impl13Helper.processMessage(Impl13Helper.java:123)
	at org.portico.impl.hla13.Rti13Ambassador.processMessage(Rti13Ambassador.java:5822)
	at org.portico.impl.hla13.Rti13Ambassador.updateAttributeValues(Rti13Ambassador.java:1895)
	at edu.nps.moves.RprFomFederate.updateAttributeValues(RprFomFederate.java:341)
	at edu.nps.moves.RprFomFederate.runFederate(RprFomFederate.java:174)
	at edu.nps.moves.RprFomFederate.main(RprFomFederate.java:78)
ERROR [main] portico.lrc: federation exists: RPRFOMFederation
org.portico.lrc.compat.JFederationExecutionAlreadyExists: federation exists: RPRFOMFederation
	at org.portico.bindings.jgroups.LrcConnection.createFederation(LrcConnection.java:163)
	at org.portico.lrc.services.federation.handlers.outgoing.CreateFederationHandler.process(CreateFederationHandler.java:74)
	at org.portico.utils.messaging.MessageSink.process(MessageSink.java:187)
	at org.portico.impl.hla13.Impl13Helper.processMessage(Impl13Helper.java:123)
	at org.portico.impl.hla13.Rti13Ambassador.processMessage(Rti13Ambassador.java:5822)
	at org.portico.impl.hla13.Rti13Ambassador.createFederationExecution(Rti13Ambassador.java:194)
	at edu.nps.moves.RprFomFederate.runFederate(RprFomFederate.java:112)
	at edu.nps.moves.RprFomFederate.main(RprFomFederate.java:81)
ERROR [main] portico.lrc: FAILURE Regiser sync point [SimulationStartRendevousPoint] by [rprFederate-7288]: already registered
ERROR [main] portico.lrc: FAILURE Register sync point [SimulationStartRendevousPoint] by [rprFederate-7288]: label already registered
ERROR [main] portico.lrc: federation exists: RPRFOMFederation
org.portico.lrc.compat.JFederationExecutionAlreadyExists: federation exists: RPRFOMFederation
	at org.portico.bindings.jgroups.LrcConnection.createFederation(LrcConnection.java:163)
	at org.portico.lrc.services.federation.handlers.outgoing.CreateFederationHandler.process(CreateFederationHandler.java:74)
	at org.portico.utils.messaging.MessageSink.process(MessageSink.java:187)
	at org.portico.impl.hla13.Impl13Helper.processMessage(Impl13Helper.java:123)
	at org.portico.impl.hla13.Rti13Ambassador.processMessage(Rti13Ambassador.java:5822)
	at org.portico.impl.hla13.Rti13Ambassador.createFederationExecution(Rti13Ambassador.java:194)
	at edu.nps.moves.RprFomFederate.runFederate(RprFomFederate.java:113)
	at edu.nps.moves.RprFomFederate.main(RprFomFederate.java:81)
ERROR [main] portico.lrc: FAILURE Regiser sync point [SimulationStartRendevousPoint] by [rprFederate-2759]: already registered
ERROR [main] portico.lrc: FAILURE Register sync point [SimulationStartRendevousPoint] by [rprFederate-2759]: label already registered
ERROR [main] portico.lrc: federates still joined: [rprFederate-2006]
org.portico.lrc.compat.JFederatesCurrentlyJoined: federates still joined: [rprFederate-2006]
	at org.portico.bindings.jgroups.LrcConnection.destroyFederation(LrcConnection.java:211)
	at org.portico.lrc.services.federation.handlers.outgoing.DestroyFederationHandler.process(DestroyFederationHandler.java:57)
	at org.portico.utils.messaging.MessageSink.process(MessageSink.java:187)
	at org.portico.impl.hla13.Impl13Helper.processMessage(Impl13Helper.java:123)
	at org.portico.impl.hla13.Rti13Ambassador.processMessage(Rti13Ambassador.java:5822)
	at org.portico.impl.hla13.Rti13Ambassador.destroyFederationExecution(Rti13Ambassador.java:257)
	at edu.nps.moves.RprFomFederate.runFederate(RprFomFederate.java:192)
	at edu.nps.moves.RprFomFederate.main(RprFomFederate.java:81)
ERROR [main] portico.lrc: federation exists: RPRFOMFederation
org.portico.lrc.compat.JFederationExecutionAlreadyExists: federation exists: RPRFOMFederation
	at org.portico.bindings.jgroups.LrcConnection.createFederation(LrcConnection.java:163)
	at org.portico.lrc.services.federation.handlers.outgoing.CreateFederationHandler.process(CreateFederationHandler.java:74)
	at org.portico.utils.messaging.MessageSink.process(MessageSink.java:187)
	at org.portico.impl.hla13.Impl13Helper.processMessage(Impl13Helper.java:123)
	at org.portico.impl.hla13.Rti13Ambassador.processMessage(Rti13Ambassador.java:5822)
	at org.portico.impl.hla13.Rti13Ambassador.createFederationExecution(Rti13Ambassador.java:194)
	at edu.nps.moves.RprFomFederate.runFederate(RprFomFederate.java:113)
	at edu.nps.moves.RprFomFederate.main(RprFomFederate.java:81)
ERROR [main] portico.lrc: FAILURE Regiser sync point [SimulationStartRendevousPoint] by [rprFederate-7006]: already registered
ERROR [main] portico.lrc: FAILURE Register sync point [SimulationStartRendevousPoint] by [rprFederate-7006]: label already registered
ERROR [main] portico.lrc: Can't resign, federate [rprFederate-8903] owns attributes [512, 502, 509] for object [3]
org.portico.lrc.compat.JFederateOwnsAttributes: Can't resign, federate [rprFederate-8903] owns attributes [512, 502, 509] for object [3]
	at org.portico.lrc.services.federation.handlers.outgoing.ResignFederationHandler.validateResignAction(ResignFederationHandler.java:112)
	at org.portico.lrc.services.federation.handlers.outgoing.ResignFederationHandler.process(ResignFederationHandler.java:76)
	at org.portico.utils.messaging.MessageSink.process(MessageSink.java:187)
	at org.portico.impl.hla13.Impl13Helper.processMessage(Impl13Helper.java:123)
	at org.portico.impl.hla13.Rti13Ambassador.processMessage(Rti13Ambassador.java:5822)
	at org.portico.impl.hla13.Rti13Ambassador.resignFederationExecution(Rti13Ambassador.java:412)
	at edu.nps.moves.RprFomFederate.runFederate(RprFomFederate.java:184)
	at edu.nps.moves.RprFomFederate.main(RprFomFederate.java:81)
ERROR [main] portico.lrc: Can't resign, federate [rprFederate-7006] owns attributes [512, 502, 509] for object [2097184]
org.portico.lrc.compat.JFederateOwnsAttributes: Can't resign, federate [rprFederate-7006] owns attributes [512, 502, 509] for object [2097184]
	at org.portico.lrc.services.federation.handlers.outgoing.ResignFederationHandler.validateResignAction(ResignFederationHandler.java:112)
	at org.portico.lrc.services.federation.handlers.outgoing.ResignFederationHandler.process(ResignFederationHandler.java:76)
	at org.portico.utils.messaging.MessageSink.process(MessageSink.java:187)
	at org.portico.impl.hla13.Impl13Helper.processMessage(Impl13Helper.java:123)
	at org.portico.impl.hla13.Rti13Ambassador.processMessage(Rti13Ambassador.java:5822)
	at org.portico.impl.hla13.Rti13Ambassador.resignFederationExecution(Rti13Ambassador.java:412)
	at edu.nps.moves.RprFomFederate.runFederate(RprFomFederate.java:184)
	at edu.nps.moves.RprFomFederate.main(RprFomFederate.java:81)
ERROR [main] portico.lrc: federation exists: RPRFOMFederation
org.portico.lrc.compat.JFederationExecutionAlreadyExists: federation exists: RPRFOMFederation
	at org.portico.bindings.jgroups.LrcConnection.createFederation(LrcConnection.java:163)
	at org.portico.lrc.services.federation.handlers.outgoing.CreateFederationHandler.process(CreateFederationHandler.java:74)
	at org.portico.utils.messaging.MessageSink.process(MessageSink.java:187)
	at org.portico.impl.hla13.Impl13Helper.processMessage(Impl13Helper.java:123)
	at org.portico.impl.hla13.Rti13Ambassador.processMessage(Rti13Ambassador.java:5822)
	at org.portico.impl.hla13.Rti13Ambassador.createFederationExecution(Rti13Ambassador.java:194)
	at edu.nps.moves.RprFomFederate.runFederate(RprFomFederate.java:113)
	at edu.nps.moves.RprFomFederate.main(RprFomFederate.java:81)
ERROR [main] portico.lrc: FAILURE Register sync point [SimulationStartRendevousPoint] by [rprFederate-8339]: already announced
ERROR [main] portico.lrc: Can't resign, federate [rprFederate-8242] owns attributes [512, 502, 509] for object [3]
org.portico.lrc.compat.JFederateOwnsAttributes: Can't resign, federate [rprFederate-8242] owns attributes [512, 502, 509] for object [3]
	at org.portico.lrc.services.federation.handlers.outgoing.ResignFederationHandler.validateResignAction(ResignFederationHandler.java:112)
	at org.portico.lrc.services.federation.handlers.outgoing.ResignFederationHandler.process(ResignFederationHandler.java:76)
	at org.portico.utils.messaging.MessageSink.process(MessageSink.java:187)
	at org.portico.impl.hla13.Impl13Helper.processMessage(Impl13Helper.java:123)
	at org.portico.impl.hla13.Rti13Ambassador.processMessage(Rti13Ambassador.java:5822)
	at org.portico.impl.hla13.Rti13Ambassador.resignFederationExecution(Rti13Ambassador.java:412)
	at edu.nps.moves.RprFomFederate.runFederate(RprFomFederate.java:184)
	at edu.nps.moves.RprFomFederate.main(RprFomFederate.java:81)
ERROR [main] portico.lrc: Can't resign, federate [rprFederate-8339] owns attributes [512, 502, 509] for object [2097184]
org.portico.lrc.compat.JFederateOwnsAttributes: Can't resign, federate [rprFederate-8339] owns attributes [512, 502, 509] for object [2097184]
	at org.portico.lrc.services.federation.handlers.outgoing.ResignFederationHandler.validateResignAction(ResignFederationHandler.java:112)
	at org.portico.lrc.services.federation.handlers.outgoing.ResignFederationHandler.process(ResignFederationHandler.java:76)
	at org.portico.utils.messaging.MessageSink.process(MessageSink.java:187)
	at org.portico.impl.hla13.Impl13Helper.processMessage(Impl13Helper.java:123)
	at org.portico.impl.hla13.Rti13Ambassador.processMessage(Rti13Ambassador.java:5822)
	at org.portico.impl.hla13.Rti13Ambassador.resignFederationExecution(Rti13Ambassador.java:412)
	at edu.nps.moves.RprFomFederate.runFederate(RprFomFederate.java:184)
	at edu.nps.moves.RprFomFederate.main(RprFomFederate.java:81)
ERROR [main] portico.lrc: federation exists: RPRFOMFederation
org.portico.lrc.compat.JFederationExecutionAlreadyExists: federation exists: RPRFOMFederation
	at org.portico.bindings.jgroups.LrcConnection.createFederation(LrcConnection.java:163)
	at org.portico.lrc.services.federation.handlers.outgoing.CreateFederationHandler.process(CreateFederationHandler.java:74)
	at org.portico.utils.messaging.MessageSink.process(MessageSink.java:187)
	at org.portico.impl.hla13.Impl13Helper.processMessage(Impl13Helper.java:123)
	at org.portico.impl.hla13.Rti13Ambassador.processMessage(Rti13Ambassador.java:5822)
	at org.portico.impl.hla13.Rti13Ambassador.createFederationExecution(Rti13Ambassador.java:194)
	at edu.nps.moves.RprFomFederate.runFederate(RprFomFederate.java:113)
	at edu.nps.moves.RprFomFederate.main(RprFomFederate.java:81)
ERROR [main] portico.lrc: FAILURE Regiser sync point [SimulationStartRendevousPoint] by [rprFederate-7530]: already registered
ERROR [main] portico.lrc: FAILURE Register sync point [SimulationStartRendevousPoint] by [rprFederate-7530]: label already registered
ERROR [main] portico.lrc: Can't resign, federate [rprFederate-7530] owns attributes [512, 502, 509] for object [2097184]
org.portico.lrc.compat.JFederateOwnsAttributes: Can't resign, federate [rprFederate-7530] owns attributes [512, 502, 509] for object [2097184]
	at org.portico.lrc.services.federation.handlers.outgoing.ResignFederationHandler.validateResignAction(ResignFederationHandler.java:112)
	at org.portico.lrc.services.federation.handlers.outgoing.ResignFederationHandler.process(ResignFederationHandler.java:76)
	at org.portico.utils.messaging.MessageSink.process(MessageSink.java:187)
	at org.portico.impl.hla13.Impl13Helper.processMessage(Impl13Helper.java:123)
	at org.portico.impl.hla13.Rti13Ambassador.processMessage(Rti13Ambassador.java:5822)
	at org.portico.impl.hla13.Rti13Ambassador.resignFederationExecution(Rti13Ambassador.java:412)
	at edu.nps.moves.RprFomFederate.runFederate(RprFomFederate.java:184)
	at edu.nps.moves.RprFomFederate.main(RprFomFederate.java:81)
ERROR [main] portico.lrc: Can't resign, federate [rprFederate-9684] owns attributes [512, 502, 509] for object [3]
org.portico.lrc.compat.JFederateOwnsAttributes: Can't resign, federate [rprFederate-9684] owns attributes [512, 502, 509] for object [3]
	at org.portico.lrc.services.federation.handlers.outgoing.ResignFederationHandler.validateResignAction(ResignFederationHandler.java:112)
	at org.portico.lrc.services.federation.handlers.outgoing.ResignFederationHandler.process(ResignFederationHandler.java:76)
	at org.portico.utils.messaging.MessageSink.process(MessageSink.java:187)
	at org.portico.impl.hla13.Impl13Helper.processMessage(Impl13Helper.java:123)
	at org.portico.impl.hla13.Rti13Ambassador.processMessage(Rti13Ambassador.java:5822)
	at org.portico.impl.hla13.Rti13Ambassador.resignFederationExecution(Rti13Ambassador.java:412)
	at edu.nps.moves.RprFomFederate.runFederate(RprFomFederate.java:184)
	at edu.nps.moves.RprFomFederate.main(RprFomFederate.java:81)
ERROR [main] portico.lrc: federation exists: RPRFOMFederation
org.portico.lrc.compat.JFederationExecutionAlreadyExists: federation exists: RPRFOMFederation
	at org.portico.bindings.jgroups.LrcConnection.createFederation(LrcConnection.java:163)
	at org.portico.lrc.services.federation.handlers.outgoing.CreateFederationHandler.process(CreateFederationHandler.java:74)
	at org.portico.utils.messaging.MessageSink.process(MessageSink.java:187)
	at org.portico.impl.hla13.Impl13Helper.processMessage(Impl13Helper.java:123)
	at org.portico.impl.hla13.Rti13Ambassador.processMessage(Rti13Ambassador.java:5822)
	at org.portico.impl.hla13.Rti13Ambassador.createFederationExecution(Rti13Ambassador.java:194)
	at edu.nps.moves.RprFomFederate.runFederate(RprFomFederate.java:113)
	at edu.nps.moves.RprFomFederate.main(RprFomFederate.java:81)
ERROR [main] portico.lrc: FAILURE Register sync point [SimulationStartRendevousPoint] by [rprFederate-4722]: already announced
ERROR [main] portico.lrc: Can't resign, federate [rprFederate-2852] owns attributes [512, 502, 509] for object [3]
org.portico.lrc.compat.JFederateOwnsAttributes: Can't resign, federate [rprFederate-2852] owns attributes [512, 502, 509] for object [3]
	at org.portico.lrc.services.federation.handlers.outgoing.ResignFederationHandler.validateResignAction(ResignFederationHandler.java:112)
	at org.portico.lrc.services.federation.handlers.outgoing.ResignFederationHandler.process(ResignFederationHandler.java:76)
	at org.portico.utils.messaging.MessageSink.process(MessageSink.java:187)
	at org.portico.impl.hla13.Impl13Helper.processMessage(Impl13Helper.java:123)
	at org.portico.impl.hla13.Rti13Ambassador.processMessage(Rti13Ambassador.java:5822)
	at org.portico.impl.hla13.Rti13Ambassador.resignFederationExecution(Rti13Ambassador.java:412)
	at edu.nps.moves.RprFomFederate.runFederate(RprFomFederate.java:184)
	at edu.nps.moves.RprFomFederate.main(RprFomFederate.java:81)
ERROR [main] portico.lrc: Can't resign, federate [rprFederate-4722] owns attributes [512, 502, 509] for object [2097184]
org.portico.lrc.compat.JFederateOwnsAttributes: Can't resign, federate [rprFederate-4722] owns attributes [512, 502, 509] for object [2097184]
	at org.portico.lrc.services.federation.handlers.outgoing.ResignFederationHandler.validateResignAction(ResignFederationHandler.java:112)
	at org.portico.lrc.services.federation.handlers.outgoing.ResignFederationHandler.process(ResignFederationHandler.java:76)
	at org.portico.utils.messaging.MessageSink.process(MessageSink.java:187)
	at org.portico.impl.hla13.Impl13Helper.processMessage(Impl13Helper.java:123)
	at org.portico.impl.hla13.Rti13Ambassador.processMessage(Rti13Ambassador.java:5822)
	at org.portico.impl.hla13.Rti13Ambassador.resignFederationExecution(Rti13Ambassador.java:412)
	at edu.nps.moves.RprFomFederate.runFederate(RprFomFederate.java:184)
	at edu.nps.moves.RprFomFederate.main(RprFomFederate.java:81)
ERROR [main] portico.lrc: federation exists: RPRFOMFederation
org.portico.lrc.compat.JFederationExecutionAlreadyExists: federation exists: RPRFOMFederation
	at org.portico.bindings.jgroups.LrcConnection.createFederation(LrcConnection.java:163)
	at org.portico.lrc.services.federation.handlers.outgoing.CreateFederationHandler.process(CreateFederationHandler.java:74)
	at org.portico.utils.messaging.MessageSink.process(MessageSink.java:187)
	at org.portico.impl.hla13.Impl13Helper.processMessage(Impl13Helper.java:123)
	at org.portico.impl.hla13.Rti13Ambassador.processMessage(Rti13Ambassador.java:5822)
	at org.portico.impl.hla13.Rti13Ambassador.createFederationExecution(Rti13Ambassador.java:194)
	at edu.nps.moves.RprFomFederate.runFederate(RprFomFederate.java:113)
	at edu.nps.moves.RprFomFederate.main(RprFomFederate.java:81)
ERROR [main] portico.lrc: FAILURE Register sync point [SimulationStartRendevousPoint] by [rprFederate-8523]: already announced
ERROR [main] portico.lrc: Can't resign, federate [rprFederate-8523] owns attributes [512, 502, 509] for object [2097184]
org.portico.lrc.compat.JFederateOwnsAttributes: Can't resign, federate [rprFederate-8523] owns attributes [512, 502, 509] for object [2097184]
	at org.portico.lrc.services.federation.handlers.outgoing.ResignFederationHandler.validateResignAction(ResignFederationHandler.java:112)
	at org.portico.lrc.services.federation.handlers.outgoing.ResignFederationHandler.process(ResignFederationHandler.java:76)
	at org.portico.utils.messaging.MessageSink.process(MessageSink.java:187)
	at org.portico.impl.hla13.Impl13Helper.processMessage(Impl13Helper.java:123)
	at org.portico.impl.hla13.Rti13Ambassador.processMessage(Rti13Ambassador.java:5822)
	at org.portico.impl.hla13.Rti13Ambassador.resignFederationExecution(Rti13Ambassador.java:412)
	at edu.nps.moves.RprFomFederate.runFederate(RprFomFederate.java:184)
	at edu.nps.moves.RprFomFederate.main(RprFomFederate.java:81)
ERROR [main] portico.lrc: Can't resign, federate [rprFederate-6963] owns attributes [512, 502, 509] for object [3]
org.portico.lrc.compat.JFederateOwnsAttributes: Can't resign, federate [rprFederate-6963] owns attributes [512, 502, 509] for object [3]
	at org.portico.lrc.services.federation.handlers.outgoing.ResignFederationHandler.validateResignAction(ResignFederationHandler.java:112)
	at org.portico.lrc.services.federation.handlers.outgoing.ResignFederationHandler.process(ResignFederationHandler.java:76)
	at org.portico.utils.messaging.MessageSink.process(MessageSink.java:187)
	at org.portico.impl.hla13.Impl13Helper.processMessage(Impl13Helper.java:123)
	at org.portico.impl.hla13.Rti13Ambassador.processMessage(Rti13Ambassador.java:5822)
	at org.portico.impl.hla13.Rti13Ambassador.resignFederationExecution(Rti13Ambassador.java:412)
	at edu.nps.moves.RprFomFederate.runFederate(RprFomFederate.java:184)
	at edu.nps.moves.RprFomFederate.main(RprFomFederate.java:81)
ERROR [main] portico.lrc: federation exists: RPRFOMFederation
org.portico.lrc.compat.JFederationExecutionAlreadyExists: federation exists: RPRFOMFederation
	at org.portico.bindings.jgroups.LrcConnection.createFederation(LrcConnection.java:163)
	at org.portico.lrc.services.federation.handlers.outgoing.CreateFederationHandler.process(CreateFederationHandler.java:74)
	at org.portico.utils.messaging.MessageSink.process(MessageSink.java:187)
	at org.portico.impl.hla13.Impl13Helper.processMessage(Impl13Helper.java:123)
	at org.portico.impl.hla13.Rti13Ambassador.processMessage(Rti13Ambassador.java:5822)
	at org.portico.impl.hla13.Rti13Ambassador.createFederationExecution(Rti13Ambassador.java:194)
	at edu.nps.moves.RprFomFederate.runFederate(RprFomFederate.java:113)
	at edu.nps.moves.RprFomFederate.main(RprFomFederate.java:81)
ERROR [main] portico.lrc: FAILURE Register sync point [SimulationStartRendevousPoint] by [rprFederate-2585]: already announced
