ERROR [main] portico.lrc: name=RprFomExampleFederation
org.portico.lrc.compat.JFederationExecutionDoesNotExist: name=RprFomExampleFederation
	at org.portico.bindings.jgroups.LrcConnection.joinFederation(LrcConnection.java:248)
	at org.portico.lrc.services.federation.handlers.outgoing.JoinFederationHandler.process(JoinFederationHandler.java:92)
	at org.portico.utils.messaging.MessageSink.process(MessageSink.java:187)
	at org.portico.impl.hla13.Impl13Helper.processMessage(Impl13Helper.java:123)
	at org.portico.impl.hla13.Rti13Ambassador.processMessage(Rti13Ambassador.java:5822)
	at org.portico.impl.hla13.Rti13Ambassador.joinFederationExecution(Rti13Ambassador.java:321)
	at edu.nps.moves.RprFomFederate.runFederate(RprFomFederate.java:105)
	at edu.nps.moves.RprFomFederate.main(RprFomFederate.java:55)
ERROR [main] portico.lrc: name=RprFomExampleFederation
org.portico.lrc.compat.JFederationExecutionDoesNotExist: name=RprFomExampleFederation
	at org.portico.bindings.jgroups.LrcConnection.joinFederation(LrcConnection.java:248)
	at org.portico.lrc.services.federation.handlers.outgoing.JoinFederationHandler.process(JoinFederationHandler.java:92)
	at org.portico.utils.messaging.MessageSink.process(MessageSink.java:187)
	at org.portico.impl.hla13.Impl13Helper.processMessage(Impl13Helper.java:123)
	at org.portico.impl.hla13.Rti13Ambassador.processMessage(Rti13Ambassador.java:5822)
	at org.portico.impl.hla13.Rti13Ambassador.joinFederationExecution(Rti13Ambassador.java:321)
	at edu.nps.moves.RprFomFederate.runFederate(RprFomFederate.java:105)
	at edu.nps.moves.RprFomFederate.main(RprFomFederate.java:55)
ERROR [main] portico.lrc: No response from RTI (null) for message type: CreateFederation
hla.rti.RTIinternalError: No response from RTI (null) for message type: CreateFederation serial:0
	at org.portico.impl.hla13.Rti13Ambassador.processMessage(Rti13Ambassador.java:5827)
	at org.portico.impl.hla13.Rti13Ambassador.createFederationExecution(Rti13Ambassador.java:194)
	at edu.nps.moves.RprFomFederate.runFederate(RprFomFederate.java:86)
	at edu.nps.moves.RprFomFederate.main(RprFomFederate.java:55)
	at sun.reflect.NativeMethodAccessorImpl.invoke0(Native Method)
	at sun.reflect.NativeMethodAccessorImpl.invoke(NativeMethodAccessorImpl.java:57)
	at sun.reflect.DelegatingMethodAccessorImpl.invoke(DelegatingMethodAccessorImpl.java:43)
	at java.lang.reflect.Method.invoke(Method.java:601)
	at org.apache.tools.ant.taskdefs.ExecuteJava.run(ExecuteJava.java:217)
	at org.apache.tools.ant.taskdefs.ExecuteJava.execute(ExecuteJava.java:152)
	at org.apache.tools.ant.taskdefs.Java.run(Java.java:771)
	at org.apache.tools.ant.taskdefs.Java.executeJava(Java.java:221)
	at org.apache.tools.ant.taskdefs.Java.executeJava(Java.java:135)
	at org.apache.tools.ant.taskdefs.Java.execute(Java.java:108)
	at org.apache.tools.ant.UnknownElement.execute(UnknownElement.java:291)
	at sun.reflect.GeneratedMethodAccessor4.invoke(Unknown Source)
	at sun.reflect.DelegatingMethodAccessorImpl.invoke(DelegatingMethodAccessorImpl.java:43)
	at java.lang.reflect.Method.invoke(Method.java:601)
	at org.apache.tools.ant.dispatch.DispatchUtils.execute(DispatchUtils.java:106)
	at org.apache.tools.ant.Task.perform(Task.java:348)
	at org.apache.tools.ant.Target.execute(Target.java:390)
	at org.apache.tools.ant.Target.performTasks(Target.java:411)
	at org.apache.tools.ant.Project.executeSortedTargets(Project.java:1399)
	at org.apache.tools.ant.Project.executeTarget(Project.java:1368)
	at org.apache.tools.ant.helper.DefaultExecutor.executeTargets(DefaultExecutor.java:41)
	at org.apache.tools.ant.Project.executeTargets(Project.java:1251)
	at org.apache.tools.ant.Main.runBuild(Main.java:809)
	at org.apache.tools.ant.Main.startAnt(Main.java:217)
	at org.apache.tools.ant.launch.Launcher.run(Launcher.java:280)
	at org.apache.tools.ant.launch.Launcher.main(Launcher.java:109)
ERROR [main] portico.lrc: No response from RTI (null) for message type: CreateFederation
hla.rti.RTIinternalError: No response from RTI (null) for message type: CreateFederation serial:0
	at org.portico.impl.hla13.Rti13Ambassador.processMessage(Rti13Ambassador.java:5827)
	at org.portico.impl.hla13.Rti13Ambassador.createFederationExecution(Rti13Ambassador.java:194)
	at edu.nps.moves.RprFomFederate.runFederate(RprFomFederate.java:86)
	at edu.nps.moves.RprFomFederate.main(RprFomFederate.java:55)
	at sun.reflect.NativeMethodAccessorImpl.invoke0(Native Method)
	at sun.reflect.NativeMethodAccessorImpl.invoke(NativeMethodAccessorImpl.java:57)
	at sun.reflect.DelegatingMethodAccessorImpl.invoke(DelegatingMethodAccessorImpl.java:43)
	at java.lang.reflect.Method.invoke(Method.java:601)
	at org.apache.tools.ant.taskdefs.ExecuteJava.run(ExecuteJava.java:217)
	at org.apache.tools.ant.taskdefs.ExecuteJava.execute(ExecuteJava.java:152)
	at org.apache.tools.ant.taskdefs.Java.run(Java.java:771)
	at org.apache.tools.ant.taskdefs.Java.executeJava(Java.java:221)
	at org.apache.tools.ant.taskdefs.Java.executeJava(Java.java:135)
	at org.apache.tools.ant.taskdefs.Java.execute(Java.java:108)
	at org.apache.tools.ant.UnknownElement.execute(UnknownElement.java:291)
	at sun.reflect.GeneratedMethodAccessor4.invoke(Unknown Source)
	at sun.reflect.DelegatingMethodAccessorImpl.invoke(DelegatingMethodAccessorImpl.java:43)
	at java.lang.reflect.Method.invoke(Method.java:601)
	at org.apache.tools.ant.dispatch.DispatchUtils.execute(DispatchUtils.java:106)
	at org.apache.tools.ant.Task.perform(Task.java:348)
	at org.apache.tools.ant.Target.execute(Target.java:390)
	at org.apache.tools.ant.Target.performTasks(Target.java:411)
	at org.apache.tools.ant.Project.executeSortedTargets(Project.java:1399)
	at org.apache.tools.ant.Project.executeTarget(Project.java:1368)
	at org.apache.tools.ant.helper.DefaultExecutor.executeTargets(DefaultExecutor.java:41)
	at org.apache.tools.ant.Project.executeTargets(Project.java:1251)
	at org.apache.tools.ant.Main.runBuild(Main.java:809)
	at org.apache.tools.ant.Main.startAnt(Main.java:217)
	at org.apache.tools.ant.launch.Launcher.run(Launcher.java:280)
	at org.apache.tools.ant.launch.Launcher.main(Launcher.java:109)
ERROR [main] portico.lrc: No response from RTI (null) for message type: CreateFederation
hla.rti.RTIinternalError: No response from RTI (null) for message type: CreateFederation serial:0
	at org.portico.impl.hla13.Rti13Ambassador.processMessage(Rti13Ambassador.java:5827)
	at org.portico.impl.hla13.Rti13Ambassador.createFederationExecution(Rti13Ambassador.java:194)
	at edu.nps.moves.RprFomFederate.runFederate(RprFomFederate.java:86)
	at edu.nps.moves.RprFomFederate.main(RprFomFederate.java:55)
	at sun.reflect.NativeMethodAccessorImpl.invoke0(Native Method)
	at sun.reflect.NativeMethodAccessorImpl.invoke(NativeMethodAccessorImpl.java:57)
	at sun.reflect.DelegatingMethodAccessorImpl.invoke(DelegatingMethodAccessorImpl.java:43)
	at java.lang.reflect.Method.invoke(Method.java:601)
	at org.apache.tools.ant.taskdefs.ExecuteJava.run(ExecuteJava.java:217)
	at org.apache.tools.ant.taskdefs.ExecuteJava.execute(ExecuteJava.java:152)
	at org.apache.tools.ant.taskdefs.Java.run(Java.java:771)
	at org.apache.tools.ant.taskdefs.Java.executeJava(Java.java:221)
	at org.apache.tools.ant.taskdefs.Java.executeJava(Java.java:135)
	at org.apache.tools.ant.taskdefs.Java.execute(Java.java:108)
	at org.apache.tools.ant.UnknownElement.execute(UnknownElement.java:291)
	at sun.reflect.GeneratedMethodAccessor4.invoke(Unknown Source)
	at sun.reflect.DelegatingMethodAccessorImpl.invoke(DelegatingMethodAccessorImpl.java:43)
	at java.lang.reflect.Method.invoke(Method.java:601)
	at org.apache.tools.ant.dispatch.DispatchUtils.execute(DispatchUtils.java:106)
	at org.apache.tools.ant.Task.perform(Task.java:348)
	at org.apache.tools.ant.Target.execute(Target.java:390)
	at org.apache.tools.ant.Target.performTasks(Target.java:411)
	at org.apache.tools.ant.Project.executeSortedTargets(Project.java:1399)
	at org.apache.tools.ant.Project.executeTarget(Project.java:1368)
	at org.apache.tools.ant.helper.DefaultExecutor.executeTargets(DefaultExecutor.java:41)
	at org.apache.tools.ant.Project.executeTargets(Project.java:1251)
	at org.apache.tools.ant.Main.runBuild(Main.java:809)
	at org.apache.tools.ant.Main.startAnt(Main.java:217)
	at org.apache.tools.ant.launch.Launcher.run(Launcher.java:280)
	at org.apache.tools.ant.launch.Launcher.main(Launcher.java:109)
ERROR [main] portico.lrc: No response from RTI (null) for message type: CreateFederation
hla.rti.RTIinternalError: No response from RTI (null) for message type: CreateFederation serial:0
	at org.portico.impl.hla13.Rti13Ambassador.processMessage(Rti13Ambassador.java:5827)
	at org.portico.impl.hla13.Rti13Ambassador.createFederationExecution(Rti13Ambassador.java:194)
	at edu.nps.moves.RprFomFederate.runFederate(RprFomFederate.java:86)
	at edu.nps.moves.RprFomFederate.main(RprFomFederate.java:55)
	at sun.reflect.NativeMethodAccessorImpl.invoke0(Native Method)
	at sun.reflect.NativeMethodAccessorImpl.invoke(NativeMethodAccessorImpl.java:57)
	at sun.reflect.DelegatingMethodAccessorImpl.invoke(DelegatingMethodAccessorImpl.java:43)
	at java.lang.reflect.Method.invoke(Method.java:601)
	at org.apache.tools.ant.taskdefs.ExecuteJava.run(ExecuteJava.java:217)
	at org.apache.tools.ant.taskdefs.ExecuteJava.execute(ExecuteJava.java:152)
	at org.apache.tools.ant.taskdefs.Java.run(Java.java:771)
	at org.apache.tools.ant.taskdefs.Java.executeJava(Java.java:221)
	at org.apache.tools.ant.taskdefs.Java.executeJava(Java.java:135)
	at org.apache.tools.ant.taskdefs.Java.execute(Java.java:108)
	at org.apache.tools.ant.UnknownElement.execute(UnknownElement.java:291)
	at sun.reflect.GeneratedMethodAccessor4.invoke(Unknown Source)
	at sun.reflect.DelegatingMethodAccessorImpl.invoke(DelegatingMethodAccessorImpl.java:43)
	at java.lang.reflect.Method.invoke(Method.java:601)
	at org.apache.tools.ant.dispatch.DispatchUtils.execute(DispatchUtils.java:106)
	at org.apache.tools.ant.Task.perform(Task.java:348)
	at org.apache.tools.ant.Target.execute(Target.java:390)
	at org.apache.tools.ant.Target.performTasks(Target.java:411)
	at org.apache.tools.ant.Project.executeSortedTargets(Project.java:1399)
	at org.apache.tools.ant.Project.executeTarget(Project.java:1368)
	at org.apache.tools.ant.helper.DefaultExecutor.executeTargets(DefaultExecutor.java:41)
	at org.apache.tools.ant.Project.executeTargets(Project.java:1251)
	at org.apache.tools.ant.Main.runBuild(Main.java:809)
	at org.apache.tools.ant.Main.startAnt(Main.java:217)
	at org.apache.tools.ant.launch.Launcher.run(Launcher.java:280)
	at org.apache.tools.ant.launch.Launcher.main(Launcher.java:109)
